2025-09-26 21:39:31 | INFO | {'message': 'I just loved JavaScript! It was amazing.', 'author': 'Eve', 'timestamp': '2025-09-26 21:39:31', 'category': 'tech', 'sentiment': 0.67, 'keyword_mentioned': 'JavaScript', 'message_length': 40}
2025-09-26 21:39:36 | INFO | {'message': 'I just found a meme! It was amazing.', 'author': 'Eve', 'timestamp': '2025-09-26 21:39:36', 'category': 'humor', 'sentiment': 0.37, 'keyword_mentioned': 'meme', 'message_length': 36}
2025-09-26 21:39:41 | INFO | {'message': 'I just shared a trick! It was amazing.', 'author': 'Charlie', 'timestamp': '2025-09-26 21:39:41', 'category': 'other', 'sentiment': 0.45, 'keyword_mentioned': 'other', 'message_length': 38}
2025-09-26 21:39:44 | INFO | Logging to file: logs/project_log.log
2025-09-26 21:39:44 | INFO | Log sanitization enabled, personal info removed
2025-09-26 21:39:46 | INFO | {'message': 'I just shared game! It was boring.', 'author': 'Eve', 'timestamp': '2025-09-26 21:39:46', 'category': 'gaming', 'sentiment': 0.1, 'keyword_mentioned': 'game', 'message_length': 34}
2025-09-26 21:39:48 | INFO | 🚀 Starting Ragini's Producer
2025-09-26 21:39:48 | INFO | 💡 Sending simple messages to file, SQLite, and DuckDB
2025-09-26 21:39:48 | INFO | 🛑 Press Ctrl+C to stop
2025-09-26 21:39:51 | INFO | {'message': 'I just loved Python! It was exciting.', 'author': 'Eve', 'timestamp': '2025-09-26 21:39:51', 'category': 'tech', 'sentiment': 0.64, 'keyword_mentioned': 'Python', 'message_length': 37}
2025-09-26 21:39:56 | INFO | {'message': 'I just found game! It was amazing.', 'author': 'Eve', 'timestamp': '2025-09-26 21:39:56', 'category': 'gaming', 'sentiment': 0.08, 'keyword_mentioned': 'game', 'message_length': 34}
2025-09-26 21:40:01 | INFO | ✅ Sent message #1: Hello World! This is message #1
2025-09-26 21:40:02 | INFO | {'message': 'I just saw Python! It was funny.', 'author': 'Charlie', 'timestamp': '2025-09-26 21:40:02', 'category': 'tech', 'sentiment': 0.0, 'keyword_mentioned': 'Python', 'message_length': 32}
2025-09-26 21:40:04 | INFO | ✅ Sent message #2: Hello World! This is message #2
2025-09-26 21:40:07 | INFO | ✅ Sent message #3: Hello World! This is message #3
2025-09-26 21:40:07 | INFO | {'message': 'I just tried game! It was amazing.', 'author': 'Charlie', 'timestamp': '2025-09-26 21:40:07', 'category': 'gaming', 'sentiment': 0.96, 'keyword_mentioned': 'game', 'message_length': 34}
2025-09-26 21:40:10 | INFO | ✅ Sent message #4: Hello World! This is message #4
2025-09-26 21:40:12 | INFO | {'message': 'I just loved a movie! It was funny.', 'author': 'Charlie', 'timestamp': '2025-09-26 21:40:12', 'category': 'entertainment', 'sentiment': 0.57, 'keyword_mentioned': 'movie', 'message_length': 35}
2025-09-26 21:40:13 | INFO | ✅ Sent message #5: Hello World! This is message #5
2025-09-26 21:40:16 | INFO | ✅ Sent message #6: Hello World! This is message #6
2025-09-26 21:40:17 | INFO | {'message': 'I just saw JavaScript! It was weird.', 'author': 'Bob', 'timestamp': '2025-09-26 21:40:17', 'category': 'tech', 'sentiment': 0.65, 'keyword_mentioned': 'JavaScript', 'message_length': 36}
2025-09-26 21:40:19 | INFO | ✅ Sent message #7: Hello World! This is message #7
2025-09-26 21:40:22 | INFO | {'message': 'I just loved game! It was funny.', 'author': 'Charlie', 'timestamp': '2025-09-26 21:40:22', 'category': 'gaming', 'sentiment': 0.91, 'keyword_mentioned': 'game', 'message_length': 32}
2025-09-26 21:40:22 | INFO | ✅ Sent message #8: Hello World! This is message #8
2025-09-26 21:40:25 | INFO | ✅ Sent message #9: Hello World! This is message #9
2025-09-26 21:40:27 | INFO | {'message': 'I just saw Python! It was boring.', 'author': 'Eve', 'timestamp': '2025-09-26 21:40:27', 'category': 'tech', 'sentiment': 0.77, 'keyword_mentioned': 'Python', 'message_length': 33}
2025-09-26 21:40:29 | INFO | ✅ Sent message #10: Hello World! This is message #10
2025-09-26 21:40:33 | INFO | ✅ Sent message #11: Hello World! This is message #11
2025-09-26 21:40:33 | INFO | {'message': 'I just shared a story! It was amazing.', 'author': 'Charlie', 'timestamp': '2025-09-26 21:40:33', 'category': 'other', 'sentiment': 0.22, 'keyword_mentioned': 'other', 'message_length': 38}
2025-09-26 21:40:36 | INFO | ✅ Sent message #12: Hello World! This is message #12
2025-09-26 21:40:38 | INFO | {'message': 'I just shared game! It was weird.', 'author': 'Eve', 'timestamp': '2025-09-26 21:40:38', 'category': 'gaming', 'sentiment': 0.99, 'keyword_mentioned': 'game', 'message_length': 33}
2025-09-26 21:40:39 | INFO | ✅ Sent message #13: Hello World! This is message #13
2025-09-26 21:40:42 | INFO | ✅ Sent message #14: Hello World! This is message #14
2025-09-26 21:40:43 | INFO | {'message': 'I just saw an app! It was amazing.', 'author': 'Alice', 'timestamp': '2025-09-26 21:40:43', 'category': 'other', 'sentiment': 0.38, 'keyword_mentioned': 'other', 'message_length': 34}
2025-09-26 21:40:45 | INFO | ✅ Sent message #15: Hello World! This is message #15
2025-09-26 21:40:48 | INFO | {'message': 'I just shared a meme! It was exciting.', 'author': 'Bob', 'timestamp': '2025-09-26 21:40:48', 'category': 'humor', 'sentiment': 0.34, 'keyword_mentioned': 'meme', 'message_length': 38}
2025-09-26 21:40:48 | INFO | ✅ Sent message #16: Hello World! This is message #16
2025-09-26 21:40:51 | INFO | ✅ Sent message #17: Hello World! This is message #17
2025-09-26 21:40:53 | INFO | {'message': 'I just tried Python! It was exciting.', 'author': 'Eve', 'timestamp': '2025-09-26 21:40:53', 'category': 'tech', 'sentiment': 0.58, 'keyword_mentioned': 'Python', 'message_length': 37}
2025-09-26 21:40:54 | INFO | ✅ Sent message #18: Hello World! This is message #18
2025-09-26 21:40:58 | INFO | ✅ Sent message #19: Hello World! This is message #19
2025-09-26 21:40:58 | INFO | {'message': 'I just shared travel! It was weird.', 'author': 'Alice', 'timestamp': '2025-09-26 21:40:58', 'category': 'travel', 'sentiment': 0.46, 'keyword_mentioned': 'travel', 'message_length': 35}
2025-09-26 21:41:01 | INFO | ✅ Sent message #20: Hello World! This is message #20
2025-09-26 21:41:04 | INFO | {'message': 'I just found a story! It was exciting.', 'author': 'Charlie', 'timestamp': '2025-09-26 21:41:04', 'category': 'other', 'sentiment': 0.25, 'keyword_mentioned': 'other', 'message_length': 38}
2025-09-26 21:41:05 | INFO | ✅ Sent message #21: Hello World! This is message #21
2025-09-26 21:41:08 | INFO | ✅ Sent message #22: Hello World! This is message #22
2025-09-26 21:41:09 | INFO | {'message': 'I just loved travel! It was exciting.', 'author': 'Charlie', 'timestamp': '2025-09-26 21:41:09', 'category': 'travel', 'sentiment': 0.27, 'keyword_mentioned': 'travel', 'message_length': 37}
2025-09-26 21:41:11 | INFO | ✅ Sent message #23: Hello World! This is message #23
2025-09-26 21:41:14 | INFO | {'message': 'I just tried a story! It was weird.', 'author': 'Eve', 'timestamp': '2025-09-26 21:41:14', 'category': 'other', 'sentiment': 0.23, 'keyword_mentioned': 'other', 'message_length': 35}
2025-09-26 21:41:14 | INFO | ✅ Sent message #24: Hello World! This is message #24
2025-09-26 21:41:17 | INFO | ✅ Sent message #25: Hello World! This is message #25
2025-09-26 21:41:19 | INFO | {'message': 'I just tried a movie! It was boring.', 'author': 'Alice', 'timestamp': '2025-09-26 21:41:19', 'category': 'entertainment', 'sentiment': 0.62, 'keyword_mentioned': 'movie', 'message_length': 36}
2025-09-26 21:41:20 | INFO | ✅ Sent message #26: Hello World! This is message #26
2025-09-26 21:41:23 | INFO | ✅ Sent message #27: Hello World! This is message #27
2025-09-26 21:41:24 | INFO | {'message': 'I just tried a story! It was amazing.', 'author': 'Bob', 'timestamp': '2025-09-26 21:41:24', 'category': 'other', 'sentiment': 0.17, 'keyword_mentioned': 'other', 'message_length': 37}
2025-09-26 21:41:27 | INFO | ✅ Sent message #28: Hello World! This is message #28
2025-09-26 21:41:29 | INFO | {'message': 'I just tried recipe! It was exciting.', 'author': 'Charlie', 'timestamp': '2025-09-26 21:41:29', 'category': 'food', 'sentiment': 0.7, 'keyword_mentioned': 'recipe', 'message_length': 37}
2025-09-26 21:41:30 | INFO | ✅ Sent message #29: Hello World! This is message #29
2025-09-26 21:41:33 | INFO | ✅ Sent message #30: Hello World! This is message #30
2025-09-26 21:41:34 | INFO | {'message': 'I just saw a movie! It was funny.', 'author': 'Charlie', 'timestamp': '2025-09-26 21:41:34', 'category': 'entertainment', 'sentiment': 0.98, 'keyword_mentioned': 'movie', 'message_length': 33}
2025-09-26 21:41:37 | INFO | ✅ Sent message #31: Hello World! This is message #31
2025-09-26 21:41:40 | INFO | {'message': 'I just saw JavaScript! It was exciting.', 'author': 'Eve', 'timestamp': '2025-09-26 21:41:40', 'category': 'tech', 'sentiment': 0.52, 'keyword_mentioned': 'JavaScript', 'message_length': 39}
2025-09-26 21:41:40 | INFO | ✅ Sent message #32: Hello World! This is message #32
2025-09-26 21:41:43 | INFO | ✅ Sent message #33: Hello World! This is message #33
2025-09-26 21:41:45 | INFO | {'message': 'I just loved JavaScript! It was funny.', 'author': 'Charlie', 'timestamp': '2025-09-26 21:41:45', 'category': 'tech', 'sentiment': 0.96, 'keyword_mentioned': 'JavaScript', 'message_length': 38}
2025-09-26 21:41:46 | INFO | ✅ Sent message #34: Hello World! This is message #34
2025-09-26 21:41:49 | INFO | ✅ Sent message #35: Hello World! This is message #35
2025-09-26 21:41:50 | INFO | {'message': 'I just tried recipe! It was exciting.', 'author': 'Bob', 'timestamp': '2025-09-26 21:41:50', 'category': 'food', 'sentiment': 0.65, 'keyword_mentioned': 'recipe', 'message_length': 37}
2025-09-26 21:41:52 | INFO | ✅ Sent message #36: Hello World! This is message #36
2025-09-26 21:41:55 | INFO | {'message': 'I just loved game! It was amazing.', 'author': 'Bob', 'timestamp': '2025-09-26 21:41:55', 'category': 'gaming', 'sentiment': 0.75, 'keyword_mentioned': 'game', 'message_length': 34}
2025-09-26 21:41:56 | INFO | ✅ Sent message #37: Hello World! This is message #37
2025-09-26 21:41:59 | INFO | ✅ Sent message #38: Hello World! This is message #38
2025-09-26 21:42:00 | INFO | {'message': 'I just tried a movie! It was amazing.', 'author': 'Alice', 'timestamp': '2025-09-26 21:42:00', 'category': 'entertainment', 'sentiment': 0.48, 'keyword_mentioned': 'movie', 'message_length': 37}
2025-09-26 21:42:02 | INFO | ✅ Sent message #39: Hello World! This is message #39
2025-09-26 21:42:05 | INFO | {'message': 'I just tried a meme! It was weird.', 'author': 'Eve', 'timestamp': '2025-09-26 21:42:05', 'category': 'humor', 'sentiment': 0.14, 'keyword_mentioned': 'meme', 'message_length': 34}
2025-09-26 21:42:05 | INFO | ✅ Sent message #40: Hello World! This is message #40
2025-09-26 21:42:08 | INFO | ✅ Sent message #41: Hello World! This is message #41
2025-09-26 21:42:11 | INFO | {'message': 'I just loved game! It was exciting.', 'author': 'Bob', 'timestamp': '2025-09-26 21:42:11', 'category': 'gaming', 'sentiment': 0.05, 'keyword_mentioned': 'game', 'message_length': 35}
2025-09-26 21:42:12 | INFO | ✅ Sent message #42: Hello World! This is message #42
2025-09-26 21:42:15 | INFO | ✅ Sent message #43: Hello World! This is message #43
2025-09-26 21:42:16 | INFO | {'message': 'I just saw a trick! It was weird.', 'author': 'Eve', 'timestamp': '2025-09-26 21:42:16', 'category': 'other', 'sentiment': 0.57, 'keyword_mentioned': 'other', 'message_length': 33}
2025-09-26 21:42:18 | INFO | ✅ Sent message #44: Hello World! This is message #44
2025-09-26 21:42:21 | INFO | {'message': 'I just found recipe! It was funny.', 'author': 'Eve', 'timestamp': '2025-09-26 21:42:21', 'category': 'food', 'sentiment': 0.11, 'keyword_mentioned': 'recipe', 'message_length': 34}
2025-09-26 21:42:22 | INFO | ✅ Sent message #45: Hello World! This is message #45
2025-09-26 21:42:25 | INFO | ✅ Sent message #46: Hello World! This is message #46
2025-09-26 21:42:26 | INFO | {'message': 'I just found recipe! It was weird.', 'author': 'Bob', 'timestamp': '2025-09-26 21:42:26', 'category': 'food', 'sentiment': 0.89, 'keyword_mentioned': 'recipe', 'message_length': 34}
2025-09-26 21:42:28 | INFO | ✅ Sent message #47: Hello World! This is message #47
2025-09-26 21:42:31 | INFO | {'message': 'I just saw a trick! It was boring.', 'author': 'Charlie', 'timestamp': '2025-09-26 21:42:31', 'category': 'other', 'sentiment': 0.87, 'keyword_mentioned': 'other', 'message_length': 34}
2025-09-26 21:42:31 | INFO | ✅ Sent message #48: Hello World! This is message #48
2025-09-26 21:42:34 | INFO | ✅ Sent message #49: Hello World! This is message #49
2025-09-26 21:42:36 | INFO | {'message': 'I just found JavaScript! It was boring.', 'author': 'Charlie', 'timestamp': '2025-09-26 21:42:36', 'category': 'tech', 'sentiment': 0.37, 'keyword_mentioned': 'JavaScript', 'message_length': 39}
2025-09-26 21:42:37 | INFO | ✅ Sent message #50: Hello World! This is message #50
2025-09-26 21:42:40 | INFO | ✅ Sent message #51: Hello World! This is message #51
2025-09-26 21:42:41 | INFO | {'message': 'I just loved Python! It was boring.', 'author': 'Eve', 'timestamp': '2025-09-26 21:42:41', 'category': 'tech', 'sentiment': 0.81, 'keyword_mentioned': 'Python', 'message_length': 35}
2025-09-26 21:42:44 | INFO | ✅ Sent message #52: Hello World! This is message #52
2025-09-26 21:42:46 | INFO | {'message': 'I just tried recipe! It was funny.', 'author': 'Bob', 'timestamp': '2025-09-26 21:42:46', 'category': 'food', 'sentiment': 0.58, 'keyword_mentioned': 'recipe', 'message_length': 34}
2025-09-26 21:42:48 | INFO | ✅ Sent message #53: Hello World! This is message #53
2025-09-26 21:42:51 | INFO | ✅ Sent message #54: Hello World! This is message #54
2025-09-26 21:42:51 | INFO | {'message': 'I just tried game! It was exciting.', 'author': 'Charlie', 'timestamp': '2025-09-26 21:42:51', 'category': 'gaming', 'sentiment': 0.64, 'keyword_mentioned': 'game', 'message_length': 35}
2025-09-26 21:42:54 | INFO | ✅ Sent message #55: Hello World! This is message #55
2025-09-26 21:42:56 | INFO | {'message': 'I just found a story! It was boring.', 'author': 'Bob', 'timestamp': '2025-09-26 21:42:56', 'category': 'other', 'sentiment': 0.64, 'keyword_mentioned': 'other', 'message_length': 36}
2025-09-26 21:42:57 | INFO | ✅ Sent message #56: Hello World! This is message #56
2025-09-26 21:43:00 | INFO | ✅ Sent message #57: Hello World! This is message #57
2025-09-26 21:43:01 | INFO | {'message': 'I just tried game! It was amazing.', 'author': 'Alice', 'timestamp': '2025-09-26 21:43:01', 'category': 'gaming', 'sentiment': 0.21, 'keyword_mentioned': 'game', 'message_length': 34}
2025-09-26 21:43:03 | INFO | ✅ Sent message #58: Hello World! This is message #58
2025-09-26 21:43:06 | INFO | ✅ Sent message #59: Hello World! This is message #59
2025-09-26 21:43:07 | INFO | {'message': 'I just saw a trick! It was boring.', 'author': 'Eve', 'timestamp': '2025-09-26 21:43:07', 'category': 'other', 'sentiment': 0.59, 'keyword_mentioned': 'other', 'message_length': 34}
2025-09-26 21:43:10 | INFO | ✅ Sent message #60: Hello World! This is message #60
2025-09-26 21:43:12 | INFO | {'message': 'I just saw travel! It was boring.', 'author': 'Bob', 'timestamp': '2025-09-26 21:43:12', 'category': 'travel', 'sentiment': 0.49, 'keyword_mentioned': 'travel', 'message_length': 33}
2025-09-26 21:43:13 | INFO | ✅ Sent message #61: Hello World! This is message #61
2025-09-26 21:43:17 | INFO | ✅ Sent message #62: Hello World! This is message #62
2025-09-26 21:43:17 | INFO | {'message': 'I just tried an app! It was weird.', 'author': 'Charlie', 'timestamp': '2025-09-26 21:43:17', 'category': 'other', 'sentiment': 0.55, 'keyword_mentioned': 'other', 'message_length': 34}
2025-09-26 21:43:20 | INFO | ✅ Sent message #63: Hello World! This is message #63
2025-09-26 21:43:22 | INFO | {'message': 'I just found a trick! It was funny.', 'author': 'Bob', 'timestamp': '2025-09-26 21:43:22', 'category': 'other', 'sentiment': 0.69, 'keyword_mentioned': 'other', 'message_length': 35}
2025-09-26 21:43:23 | INFO | ✅ Sent message #64: Hello World! This is message #64
2025-09-26 21:43:26 | INFO | ✅ Sent message #65: Hello World! This is message #65
2025-09-26 21:43:27 | INFO | {'message': 'I just loved Python! It was boring.', 'author': 'Charlie', 'timestamp': '2025-09-26 21:43:27', 'category': 'tech', 'sentiment': 0.47, 'keyword_mentioned': 'Python', 'message_length': 35}
2025-09-26 21:43:29 | INFO | ✅ Sent message #66: Hello World! This is message #66
2025-09-26 21:43:32 | INFO | ✅ Sent message #67: Hello World! This is message #67
2025-09-26 21:43:32 | INFO | {'message': 'I just shared a trick! It was weird.', 'author': 'Charlie', 'timestamp': '2025-09-26 21:43:32', 'category': 'other', 'sentiment': 0.39, 'keyword_mentioned': 'other', 'message_length': 36}
2025-09-26 21:43:35 | INFO | ✅ Sent message #68: Hello World! This is message #68
2025-09-26 21:43:37 | INFO | {'message': 'I just tried a movie! It was amazing.', 'author': 'Eve', 'timestamp': '2025-09-26 21:43:37', 'category': 'entertainment', 'sentiment': 0.75, 'keyword_mentioned': 'movie', 'message_length': 37}
2025-09-26 21:43:38 | INFO | ✅ Sent message #69: Hello World! This is message #69
2025-09-26 21:43:41 | INFO | ✅ Sent message #70: Hello World! This is message #70
2025-09-26 21:43:42 | INFO | {'message': 'I just shared travel! It was exciting.', 'author': 'Eve', 'timestamp': '2025-09-26 21:43:42', 'category': 'travel', 'sentiment': 0.93, 'keyword_mentioned': 'travel', 'message_length': 38}
2025-09-26 21:43:45 | INFO | ✅ Sent message #71: Hello World! This is message #71
2025-09-26 21:43:47 | INFO | {'message': 'I just shared a movie! It was exciting.', 'author': 'Alice', 'timestamp': '2025-09-26 21:43:47', 'category': 'entertainment', 'sentiment': 0.28, 'keyword_mentioned': 'movie', 'message_length': 39}
2025-09-26 21:43:48 | INFO | ✅ Sent message #72: Hello World! This is message #72
2025-09-26 21:43:52 | INFO | ✅ Sent message #73: Hello World! This is message #73
2025-09-26 21:43:53 | INFO | {'message': 'I just saw JavaScript! It was exciting.', 'author': 'Charlie', 'timestamp': '2025-09-26 21:43:53', 'category': 'tech', 'sentiment': 0.99, 'keyword_mentioned': 'JavaScript', 'message_length': 39}
2025-09-26 21:43:55 | INFO | ✅ Sent message #74: Hello World! This is message #74
2025-09-26 21:43:58 | INFO | ✅ Sent message #75: Hello World! This is message #75
2025-09-26 21:43:58 | INFO | {'message': 'I just saw recipe! It was amazing.', 'author': 'Eve', 'timestamp': '2025-09-26 21:43:58', 'category': 'food', 'sentiment': 0.69, 'keyword_mentioned': 'recipe', 'message_length': 34}
2025-09-26 21:44:01 | INFO | ✅ Sent message #76: Hello World! This is message #76
2025-09-26 21:44:03 | INFO | {'message': 'I just found a story! It was exciting.', 'author': 'Charlie', 'timestamp': '2025-09-26 21:44:03', 'category': 'other', 'sentiment': 0.18, 'keyword_mentioned': 'other', 'message_length': 38}
2025-09-26 21:44:04 | INFO | ✅ Sent message #77: Hello World! This is message #77
2025-09-26 21:44:07 | INFO | ✅ Sent message #78: Hello World! This is message #78
2025-09-26 21:44:08 | INFO | {'message': 'I just tried a meme! It was funny.', 'author': 'Charlie', 'timestamp': '2025-09-26 21:44:08', 'category': 'humor', 'sentiment': 0.25, 'keyword_mentioned': 'meme', 'message_length': 34}
2025-09-26 21:44:11 | INFO | ✅ Sent message #79: Hello World! This is message #79
2025-09-26 21:44:13 | INFO | {'message': 'I just found a trick! It was exciting.', 'author': 'Alice', 'timestamp': '2025-09-26 21:44:13', 'category': 'other', 'sentiment': 0.88, 'keyword_mentioned': 'other', 'message_length': 38}
2025-09-26 21:44:14 | INFO | ✅ Sent message #80: Hello World! This is message #80
2025-09-26 21:44:17 | INFO | ✅ Sent message #81: Hello World! This is message #81
2025-09-26 21:44:18 | INFO | {'message': 'I just found a meme! It was exciting.', 'author': 'Charlie', 'timestamp': '2025-09-26 21:44:18', 'category': 'humor', 'sentiment': 0.5, 'keyword_mentioned': 'meme', 'message_length': 37}
2025-09-26 21:44:20 | INFO | ✅ Sent message #82: Hello World! This is message #82
2025-09-26 21:44:24 | INFO | ✅ Sent message #83: Hello World! This is message #83
2025-09-26 21:44:24 | INFO | {'message': 'I just tried a story! It was boring.', 'author': 'Bob', 'timestamp': '2025-09-26 21:44:24', 'category': 'other', 'sentiment': 0.71, 'keyword_mentioned': 'other', 'message_length': 36}
2025-09-26 21:44:27 | INFO | ✅ Sent message #84: Hello World! This is message #84
2025-09-26 21:44:29 | INFO | {'message': 'I just found JavaScript! It was amazing.', 'author': 'Alice', 'timestamp': '2025-09-26 21:44:29', 'category': 'tech', 'sentiment': 0.25, 'keyword_mentioned': 'JavaScript', 'message_length': 40}
2025-09-26 21:44:30 | INFO | ✅ Sent message #85: Hello World! This is message #85
2025-09-26 21:44:33 | INFO | ✅ Sent message #86: Hello World! This is message #86
2025-09-26 21:44:34 | INFO | {'message': 'I just found a movie! It was boring.', 'author': 'Bob', 'timestamp': '2025-09-26 21:44:34', 'category': 'entertainment', 'sentiment': 0.21, 'keyword_mentioned': 'movie', 'message_length': 36}
2025-09-26 21:44:36 | INFO | ✅ Sent message #87: Hello World! This is message #87
2025-09-26 21:44:39 | INFO | {'message': 'I just found JavaScript! It was boring.', 'author': 'Bob', 'timestamp': '2025-09-26 21:44:39', 'category': 'tech', 'sentiment': 0.45, 'keyword_mentioned': 'JavaScript', 'message_length': 39}
2025-09-26 21:44:39 | INFO | ✅ Sent message #88: Hello World! This is message #88
2025-09-26 21:44:42 | INFO | ✅ Sent message #89: Hello World! This is message #89
2025-09-26 21:44:44 | INFO | {'message': 'I just tried recipe! It was boring.', 'author': 'Bob', 'timestamp': '2025-09-26 21:44:44', 'category': 'food', 'sentiment': 0.26, 'keyword_mentioned': 'recipe', 'message_length': 35}
2025-09-26 21:44:46 | INFO | ✅ Sent message #90: Hello World! This is message #90
2025-09-26 21:44:49 | INFO | ✅ Sent message #91: Hello World! This is message #91
2025-09-26 21:44:49 | INFO | {'message': 'I just shared a meme! It was boring.', 'author': 'Alice', 'timestamp': '2025-09-26 21:44:49', 'category': 'humor', 'sentiment': 0.11, 'keyword_mentioned': 'meme', 'message_length': 36}
2025-09-26 21:44:52 | INFO | ✅ Sent message #92: Hello World! This is message #92
2025-09-26 21:44:55 | INFO | {'message': 'I just saw recipe! It was weird.', 'author': 'Alice', 'timestamp': '2025-09-26 21:44:55', 'category': 'food', 'sentiment': 0.55, 'keyword_mentioned': 'recipe', 'message_length': 32}
2025-09-26 21:44:56 | INFO | ✅ Sent message #93: Hello World! This is message #93
2025-09-26 21:44:59 | INFO | ✅ Sent message #94: Hello World! This is message #94
2025-09-26 21:45:00 | INFO | {'message': 'I just found travel! It was amazing.', 'author': 'Bob', 'timestamp': '2025-09-26 21:45:00', 'category': 'travel', 'sentiment': 0.17, 'keyword_mentioned': 'travel', 'message_length': 36}
2025-09-26 21:45:02 | INFO | ✅ Sent message #95: Hello World! This is message #95
2025-09-26 21:45:05 | INFO | {'message': 'I just shared travel! It was amazing.', 'author': 'Alice', 'timestamp': '2025-09-26 21:45:05', 'category': 'travel', 'sentiment': 0.25, 'keyword_mentioned': 'travel', 'message_length': 37}
2025-09-26 21:45:05 | INFO | ✅ Sent message #96: Hello World! This is message #96
2025-09-26 21:45:08 | INFO | ✅ Sent message #97: Hello World! This is message #97
2025-09-26 21:45:10 | INFO | {'message': 'I just saw a movie! It was funny.', 'author': 'Charlie', 'timestamp': '2025-09-26 21:45:10', 'category': 'entertainment', 'sentiment': 0.38, 'keyword_mentioned': 'movie', 'message_length': 33}
2025-09-26 21:45:11 | INFO | ✅ Sent message #98: Hello World! This is message #98
2025-09-26 21:45:15 | INFO | ✅ Sent message #99: Hello World! This is message #99
2025-09-26 21:45:15 | INFO | {'message': 'I just tried JavaScript! It was weird.', 'author': 'Alice', 'timestamp': '2025-09-26 21:45:15', 'category': 'tech', 'sentiment': 0.87, 'keyword_mentioned': 'JavaScript', 'message_length': 38}
2025-09-26 21:45:18 | INFO | ✅ Sent message #100: Hello World! This is message #100
2025-09-26 21:45:20 | INFO | {'message': 'I just shared travel! It was exciting.', 'author': 'Charlie', 'timestamp': '2025-09-26 21:45:20', 'category': 'travel', 'sentiment': 0.78, 'keyword_mentioned': 'travel', 'message_length': 38}
2025-09-26 21:45:21 | INFO | ✅ Sent message #101: Hello World! This is message #101
2025-09-26 21:45:23 | INFO | Logging to file: logs/project_log.log
2025-09-26 21:45:23 | INFO | Log sanitization enabled, personal info removed
2025-09-26 21:45:23 | INFO | Logging to file: logs/project_log.log
2025-09-26 21:45:23 | INFO | Log sanitization enabled, personal info removed
2025-09-26 21:45:24 | INFO | ✅ Sent message #102: Hello World! This is message #102
2025-09-26 21:45:24 | INFO | 🚀 Starting Ragini's Consumer
2025-09-26 21:45:24 | INFO | 📖 Reading messages from various sources
2025-09-26 21:45:24 | INFO | 🛑 Press Ctrl+C to stop
2025-09-26 21:45:24 | INFO | BUZZ_TOPIC: buzzline
2025-09-26 21:45:24 | INFO | KAFKA_BROKER_ADDRESS: 127.0.0.1:9092
2025-09-26 21:45:24 | INFO | BUZZ_CONSUMER_GROUP_ID: buzz_group
2025-09-26 21:45:24 | INFO | 📋 Configuration loaded - Topic: buzzline, Kafka: 127.0.0.1:9092
2025-09-26 21:45:24 | INFO | 📁 Found 102 messages in simple_messages.jsonl
2025-09-26 21:45:24 | INFO | 📁 Found 1467 messages in project_live.json
2025-09-26 21:45:24 | INFO | 📁 Found 3 messages in demo.jsonl
2025-09-26 21:45:24 | INFO | 🔍 Listening for messages on topic 'buzzline'...
2025-09-26 21:45:25 | INFO | 🚀 Starting Ragini's Producer
2025-09-26 21:45:25 | INFO | 💡 Sending simple messages to file, SQLite, and DuckDB
2025-09-26 21:45:25 | INFO | 🛑 Press Ctrl+C to stop
2025-09-26 21:45:25 | INFO | {'message': 'I just loved a trick! It was boring.', 'author': 'Bob', 'timestamp': '2025-09-26 21:45:25', 'category': 'other', 'sentiment': 0.65, 'keyword_mentioned': 'other', 'message_length': 36}
2025-09-26 21:45:27 | ERROR | [duckdb_emitter] failed to insert into data/simple.duckdb: IO Error: Could not set lock on file "/mnt/c/RaginiWorkArea/StreamingData/USERi_project_6/data/simple.duckdb": Conflicting lock is held in /usr/bin/python3.12 (PID 10115). See also https://duckdb.org/docs/stable/connect/concurrency
2025-09-26 21:45:27 | INFO | ✅ Sent message #103: Hello World! This is message #103
2025-09-26 21:45:31 | INFO | ✅ Sent message #1: Hello World! This is message #1
2025-09-26 21:45:31 | INFO | ✅ Sent message #104: Hello World! This is message #104
2025-09-26 21:45:31 | INFO | {'message': 'I just tried a trick! It was exciting.', 'author': 'Bob', 'timestamp': '2025-09-26 21:45:31', 'category': 'other', 'sentiment': 0.8, 'keyword_mentioned': 'other', 'message_length': 38}
2025-09-26 21:45:34 | INFO | ✅ Sent message #2: Hello World! This is message #2
2025-09-26 21:45:34 | INFO | ✅ Sent message #105: Hello World! This is message #105
2025-09-26 21:45:34 | INFO | 📁 Found 107 messages in simple_messages.jsonl
2025-09-26 21:45:35 | INFO | 📁 Found 1473 messages in project_live.json
2025-09-26 21:45:35 | INFO | 📁 Found 3 messages in demo.jsonl
2025-09-26 21:45:35 | INFO | 🔍 Listening for messages on topic 'buzzline'...
2025-09-26 21:45:36 | INFO | {'message': 'I just shared a trick! It was funny.', 'author': 'Bob', 'timestamp': '2025-09-26 21:45:36', 'category': 'other', 'sentiment': 0.6, 'keyword_mentioned': 'other', 'message_length': 36}
2025-09-26 21:45:37 | INFO | ✅ Sent message #3: Hello World! This is message #3
2025-09-26 21:45:37 | INFO | ✅ Sent message #106: Hello World! This is message #106
2025-09-26 21:45:40 | INFO | ✅ Sent message #4: Hello World! This is message #4
2025-09-26 21:45:40 | INFO | ✅ Sent message #107: Hello World! This is message #107
2025-09-26 21:45:41 | INFO | {'message': 'I just saw recipe! It was funny.', 'author': 'Bob', 'timestamp': '2025-09-26 21:45:41', 'category': 'food', 'sentiment': 0.47, 'keyword_mentioned': 'recipe', 'message_length': 32}
2025-09-26 21:45:43 | INFO | ✅ Sent message #5: Hello World! This is message #5
2025-09-26 21:45:43 | INFO | ✅ Sent message #108: Hello World! This is message #108
2025-09-26 21:45:44 | INFO | 📁 Found 113 messages in simple_messages.jsonl
2025-09-26 21:45:44 | INFO | 📁 Found 1479 messages in project_live.json
2025-09-26 21:45:44 | INFO | 📁 Found 3 messages in demo.jsonl
2025-09-26 21:45:45 | INFO | 🔍 Listening for messages on topic 'buzzline'...
2025-09-26 21:45:46 | INFO | {'message': 'I just found a meme! It was amazing.', 'author': 'Eve', 'timestamp': '2025-09-26 21:45:46', 'category': 'humor', 'sentiment': 0.38, 'keyword_mentioned': 'meme', 'message_length': 36}
2025-09-26 21:45:46 | INFO | ✅ Sent message #6: Hello World! This is message #6
2025-09-26 21:45:47 | INFO | ✅ Sent message #109: Hello World! This is message #109
2025-09-26 21:45:50 | INFO | ✅ Sent message #7: Hello World! This is message #7
2025-09-26 21:45:50 | INFO | ✅ Sent message #110: Hello World! This is message #110
2025-09-26 21:45:51 | INFO | {'message': 'I just tried JavaScript! It was exciting.', 'author': 'Charlie', 'timestamp': '2025-09-26 21:45:51', 'category': 'tech', 'sentiment': 0.36, 'keyword_mentioned': 'JavaScript', 'message_length': 41}
2025-09-26 21:45:53 | INFO | ✅ Sent message #8: Hello World! This is message #8
2025-09-26 21:45:53 | INFO | ✅ Sent message #111: Hello World! This is message #111
2025-09-26 21:45:54 | INFO | 📁 Found 119 messages in simple_messages.jsonl
2025-09-26 21:45:54 | INFO | 📁 Found 1485 messages in project_live.json
2025-09-26 21:45:54 | INFO | 📁 Found 3 messages in demo.jsonl
2025-09-26 21:45:55 | INFO | 🔍 Listening for messages on topic 'buzzline'...
2025-09-26 21:45:56 | INFO | ✅ Sent message #9: Hello World! This is message #9
2025-09-26 21:45:56 | INFO | ✅ Sent message #112: Hello World! This is message #112
2025-09-26 21:45:56 | INFO | {'message': 'I just saw Python! It was weird.', 'author': 'Alice', 'timestamp': '2025-09-26 21:45:56', 'category': 'tech', 'sentiment': 0.21, 'keyword_mentioned': 'Python', 'message_length': 32}
2025-09-26 21:45:58 | INFO | 🛑 Ragini's Consumer stopped by user
