2025-09-26 21:20:47 | INFO | {'message': 'I just tried recipe! It was boring.', 'author': 'Alice', 'timestamp': '2025-09-26 21:20:47', 'category': 'food', 'sentiment': 0.61, 'keyword_mentioned': 'recipe', 'message_length': 35}
2025-09-26 21:20:52 | INFO | {'message': 'I just saw a story! It was funny.', 'author': 'Alice', 'timestamp': '2025-09-26 21:20:52', 'category': 'other', 'sentiment': 0.22, 'keyword_mentioned': 'other', 'message_length': 33}
2025-09-26 21:20:57 | INFO | {'message': 'I just tried a trick! It was exciting.', 'author': 'Bob', 'timestamp': '2025-09-26 21:20:57', 'category': 'other', 'sentiment': 0.37, 'keyword_mentioned': 'other', 'message_length': 38}
2025-09-26 21:21:02 | INFO | {'message': 'I just found JavaScript! It was boring.', 'author': 'Bob', 'timestamp': '2025-09-26 21:21:02', 'category': 'tech', 'sentiment': 0.04, 'keyword_mentioned': 'JavaScript', 'message_length': 39}
2025-09-26 21:21:07 | INFO | {'message': 'I just loved JavaScript! It was weird.', 'author': 'Charlie', 'timestamp': '2025-09-26 21:21:07', 'category': 'tech', 'sentiment': 0.97, 'keyword_mentioned': 'JavaScript', 'message_length': 38}
2025-09-26 21:21:12 | INFO | {'message': 'I just loved recipe! It was funny.', 'author': 'Charlie', 'timestamp': '2025-09-26 21:21:12', 'category': 'food', 'sentiment': 0.38, 'keyword_mentioned': 'recipe', 'message_length': 34}
2025-09-26 21:21:17 | INFO | {'message': 'I just found travel! It was exciting.', 'author': 'Eve', 'timestamp': '2025-09-26 21:21:17', 'category': 'travel', 'sentiment': 0.63, 'keyword_mentioned': 'travel', 'message_length': 37}
2025-09-26 21:21:22 | INFO | {'message': 'I just tried a story! It was weird.', 'author': 'Alice', 'timestamp': '2025-09-26 21:21:22', 'category': 'other', 'sentiment': 0.36, 'keyword_mentioned': 'other', 'message_length': 35}
2025-09-26 21:21:27 | INFO | {'message': 'I just found Python! It was boring.', 'author': 'Alice', 'timestamp': '2025-09-26 21:21:27', 'category': 'tech', 'sentiment': 0.06, 'keyword_mentioned': 'Python', 'message_length': 35}
2025-09-26 21:21:32 | INFO | {'message': 'I just tried Python! It was funny.', 'author': 'Eve', 'timestamp': '2025-09-26 21:21:32', 'category': 'tech', 'sentiment': 0.32, 'keyword_mentioned': 'Python', 'message_length': 34}
2025-09-26 21:21:37 | INFO | {'message': 'I just tried game! It was funny.', 'author': 'Eve', 'timestamp': '2025-09-26 21:21:37', 'category': 'gaming', 'sentiment': 0.8, 'keyword_mentioned': 'game', 'message_length': 32}
2025-09-26 21:21:42 | INFO | {'message': 'I just saw recipe! It was weird.', 'author': 'Alice', 'timestamp': '2025-09-26 21:21:42', 'category': 'food', 'sentiment': 0.65, 'keyword_mentioned': 'recipe', 'message_length': 32}
2025-09-26 21:21:48 | INFO | {'message': 'I just tried JavaScript! It was boring.', 'author': 'Charlie', 'timestamp': '2025-09-26 21:21:48', 'category': 'tech', 'sentiment': 0.04, 'keyword_mentioned': 'JavaScript', 'message_length': 39}
2025-09-26 21:21:53 | INFO | {'message': 'I just loved Python! It was funny.', 'author': 'Eve', 'timestamp': '2025-09-26 21:21:53', 'category': 'tech', 'sentiment': 0.78, 'keyword_mentioned': 'Python', 'message_length': 34}
2025-09-26 21:21:58 | INFO | {'message': 'I just found recipe! It was exciting.', 'author': 'Alice', 'timestamp': '2025-09-26 21:21:58', 'category': 'food', 'sentiment': 0.58, 'keyword_mentioned': 'recipe', 'message_length': 37}
2025-09-26 21:22:03 | INFO | {'message': 'I just saw JavaScript! It was funny.', 'author': 'Charlie', 'timestamp': '2025-09-26 21:22:03', 'category': 'tech', 'sentiment': 0.13, 'keyword_mentioned': 'JavaScript', 'message_length': 36}
2025-09-26 21:22:08 | INFO | {'message': 'I just tried an app! It was boring.', 'author': 'Charlie', 'timestamp': '2025-09-26 21:22:08', 'category': 'other', 'sentiment': 0.48, 'keyword_mentioned': 'other', 'message_length': 35}
2025-09-26 21:22:13 | INFO | {'message': 'I just found a meme! It was funny.', 'author': 'Bob', 'timestamp': '2025-09-26 21:22:13', 'category': 'humor', 'sentiment': 0.27, 'keyword_mentioned': 'meme', 'message_length': 34}
2025-09-26 21:22:18 | INFO | {'message': 'I just loved JavaScript! It was weird.', 'author': 'Charlie', 'timestamp': '2025-09-26 21:22:18', 'category': 'tech', 'sentiment': 0.35, 'keyword_mentioned': 'JavaScript', 'message_length': 38}
2025-09-26 21:22:24 | INFO | {'message': 'I just shared game! It was weird.', 'author': 'Alice', 'timestamp': '2025-09-26 21:22:24', 'category': 'gaming', 'sentiment': 0.27, 'keyword_mentioned': 'game', 'message_length': 33}
2025-09-26 21:22:29 | INFO | {'message': 'I just loved JavaScript! It was boring.', 'author': 'Alice', 'timestamp': '2025-09-26 21:22:29', 'category': 'tech', 'sentiment': 0.67, 'keyword_mentioned': 'JavaScript', 'message_length': 39}
2025-09-26 21:22:34 | INFO | {'message': 'I just found a trick! It was weird.', 'author': 'Alice', 'timestamp': '2025-09-26 21:22:34', 'category': 'other', 'sentiment': 0.93, 'keyword_mentioned': 'other', 'message_length': 35}
2025-09-26 21:22:39 | INFO | {'message': 'I just shared a story! It was amazing.', 'author': 'Bob', 'timestamp': '2025-09-26 21:22:39', 'category': 'other', 'sentiment': 0.33, 'keyword_mentioned': 'other', 'message_length': 38}
2025-09-26 21:22:44 | INFO | {'message': 'I just saw JavaScript! It was boring.', 'author': 'Bob', 'timestamp': '2025-09-26 21:22:44', 'category': 'tech', 'sentiment': 0.26, 'keyword_mentioned': 'JavaScript', 'message_length': 37}
2025-09-26 21:22:49 | INFO | {'message': 'I just saw a trick! It was weird.', 'author': 'Eve', 'timestamp': '2025-09-26 21:22:49', 'category': 'other', 'sentiment': 0.68, 'keyword_mentioned': 'other', 'message_length': 33}
2025-09-26 21:22:55 | INFO | {'message': 'I just shared JavaScript! It was boring.', 'author': 'Alice', 'timestamp': '2025-09-26 21:22:55', 'category': 'tech', 'sentiment': 0.13, 'keyword_mentioned': 'JavaScript', 'message_length': 40}
2025-09-26 21:23:00 | INFO | {'message': 'I just saw travel! It was weird.', 'author': 'Charlie', 'timestamp': '2025-09-26 21:23:00', 'category': 'travel', 'sentiment': 0.35, 'keyword_mentioned': 'travel', 'message_length': 32}
2025-09-26 21:23:05 | INFO | {'message': 'I just saw game! It was boring.', 'author': 'Eve', 'timestamp': '2025-09-26 21:23:05', 'category': 'gaming', 'sentiment': 0.31, 'keyword_mentioned': 'game', 'message_length': 31}
2025-09-26 21:23:10 | INFO | {'message': 'I just found Python! It was boring.', 'author': 'Charlie', 'timestamp': '2025-09-26 21:23:10', 'category': 'tech', 'sentiment': 0.63, 'keyword_mentioned': 'Python', 'message_length': 35}
2025-09-26 21:23:15 | INFO | {'message': 'I just shared game! It was amazing.', 'author': 'Charlie', 'timestamp': '2025-09-26 21:23:15', 'category': 'gaming', 'sentiment': 0.1, 'keyword_mentioned': 'game', 'message_length': 35}
2025-09-26 21:23:20 | INFO | {'message': 'I just saw game! It was amazing.', 'author': 'Alice', 'timestamp': '2025-09-26 21:23:20', 'category': 'gaming', 'sentiment': 0.54, 'keyword_mentioned': 'game', 'message_length': 32}
2025-09-26 21:23:25 | INFO | {'message': 'I just loved a story! It was funny.', 'author': 'Bob', 'timestamp': '2025-09-26 21:23:25', 'category': 'other', 'sentiment': 0.44, 'keyword_mentioned': 'other', 'message_length': 35}
2025-09-26 21:23:31 | INFO | {'message': 'I just found a meme! It was exciting.', 'author': 'Eve', 'timestamp': '2025-09-26 21:23:31', 'category': 'humor', 'sentiment': 0.03, 'keyword_mentioned': 'meme', 'message_length': 37}
2025-09-26 21:23:36 | INFO | {'message': 'I just tried travel! It was funny.', 'author': 'Bob', 'timestamp': '2025-09-26 21:23:36', 'category': 'travel', 'sentiment': 0.01, 'keyword_mentioned': 'travel', 'message_length': 34}
2025-09-26 21:23:41 | INFO | {'message': 'I just found travel! It was funny.', 'author': 'Charlie', 'timestamp': '2025-09-26 21:23:41', 'category': 'travel', 'sentiment': 0.4, 'keyword_mentioned': 'travel', 'message_length': 34}
2025-09-26 21:23:46 | INFO | {'message': 'I just saw a trick! It was boring.', 'author': 'Charlie', 'timestamp': '2025-09-26 21:23:46', 'category': 'other', 'sentiment': 0.33, 'keyword_mentioned': 'other', 'message_length': 34}
2025-09-26 21:23:51 | INFO | {'message': 'I just saw game! It was funny.', 'author': 'Charlie', 'timestamp': '2025-09-26 21:23:51', 'category': 'gaming', 'sentiment': 0.68, 'keyword_mentioned': 'game', 'message_length': 30}
2025-09-26 21:23:56 | INFO | {'message': 'I just shared travel! It was boring.', 'author': 'Eve', 'timestamp': '2025-09-26 21:23:56', 'category': 'travel', 'sentiment': 0.25, 'keyword_mentioned': 'travel', 'message_length': 36}
2025-09-26 21:24:02 | INFO | {'message': 'I just tried an app! It was amazing.', 'author': 'Eve', 'timestamp': '2025-09-26 21:24:02', 'category': 'other', 'sentiment': 0.09, 'keyword_mentioned': 'other', 'message_length': 36}
2025-09-26 21:24:07 | INFO | {'message': 'I just found Python! It was weird.', 'author': 'Alice', 'timestamp': '2025-09-26 21:24:07', 'category': 'tech', 'sentiment': 0.76, 'keyword_mentioned': 'Python', 'message_length': 34}
2025-09-26 21:24:12 | INFO | {'message': 'I just saw JavaScript! It was boring.', 'author': 'Bob', 'timestamp': '2025-09-26 21:24:12', 'category': 'tech', 'sentiment': 0.59, 'keyword_mentioned': 'JavaScript', 'message_length': 37}
2025-09-26 21:24:17 | INFO | {'message': 'I just saw a trick! It was amazing.', 'author': 'Eve', 'timestamp': '2025-09-26 21:24:17', 'category': 'other', 'sentiment': 0.8, 'keyword_mentioned': 'other', 'message_length': 35}
2025-09-26 21:24:22 | INFO | {'message': 'I just tried a trick! It was funny.', 'author': 'Charlie', 'timestamp': '2025-09-26 21:24:22', 'category': 'other', 'sentiment': 0.51, 'keyword_mentioned': 'other', 'message_length': 35}
2025-09-26 21:24:27 | INFO | {'message': 'I just found game! It was weird.', 'author': 'Eve', 'timestamp': '2025-09-26 21:24:27', 'category': 'gaming', 'sentiment': 0.03, 'keyword_mentioned': 'game', 'message_length': 32}
2025-09-26 21:24:33 | INFO | {'message': 'I just found Python! It was funny.', 'author': 'Bob', 'timestamp': '2025-09-26 21:24:33', 'category': 'tech', 'sentiment': 0.13, 'keyword_mentioned': 'Python', 'message_length': 34}
2025-09-26 21:24:38 | INFO | {'message': 'I just shared game! It was funny.', 'author': 'Alice', 'timestamp': '2025-09-26 21:24:38', 'category': 'gaming', 'sentiment': 0.4, 'keyword_mentioned': 'game', 'message_length': 33}
2025-09-26 21:24:43 | INFO | {'message': 'I just tried a meme! It was funny.', 'author': 'Alice', 'timestamp': '2025-09-26 21:24:43', 'category': 'humor', 'sentiment': 0.59, 'keyword_mentioned': 'meme', 'message_length': 34}
2025-09-26 21:24:48 | INFO | {'message': 'I just found Python! It was weird.', 'author': 'Alice', 'timestamp': '2025-09-26 21:24:48', 'category': 'tech', 'sentiment': 0.52, 'keyword_mentioned': 'Python', 'message_length': 34}
2025-09-26 21:24:53 | INFO | {'message': 'I just loved JavaScript! It was funny.', 'author': 'Alice', 'timestamp': '2025-09-26 21:24:53', 'category': 'tech', 'sentiment': 0.45, 'keyword_mentioned': 'JavaScript', 'message_length': 38}
2025-09-26 21:24:58 | INFO | {'message': 'I just shared game! It was funny.', 'author': 'Charlie', 'timestamp': '2025-09-26 21:24:58', 'category': 'gaming', 'sentiment': 0.88, 'keyword_mentioned': 'game', 'message_length': 33}
2025-09-26 21:25:03 | INFO | {'message': 'I just loved a story! It was weird.', 'author': 'Charlie', 'timestamp': '2025-09-26 21:25:03', 'category': 'other', 'sentiment': 0.17, 'keyword_mentioned': 'other', 'message_length': 35}
2025-09-26 21:25:09 | INFO | {'message': 'I just found recipe! It was boring.', 'author': 'Eve', 'timestamp': '2025-09-26 21:25:09', 'category': 'food', 'sentiment': 0.4, 'keyword_mentioned': 'recipe', 'message_length': 35}
2025-09-26 21:25:14 | INFO | {'message': 'I just found Python! It was exciting.', 'author': 'Charlie', 'timestamp': '2025-09-26 21:25:14', 'category': 'tech', 'sentiment': 0.91, 'keyword_mentioned': 'Python', 'message_length': 37}
2025-09-26 21:25:19 | INFO | {'message': 'I just shared travel! It was funny.', 'author': 'Charlie', 'timestamp': '2025-09-26 21:25:19', 'category': 'travel', 'sentiment': 0.68, 'keyword_mentioned': 'travel', 'message_length': 35}
2025-09-26 21:25:24 | INFO | {'message': 'I just loved a trick! It was weird.', 'author': 'Eve', 'timestamp': '2025-09-26 21:25:24', 'category': 'other', 'sentiment': 0.12, 'keyword_mentioned': 'other', 'message_length': 35}
2025-09-26 21:25:29 | INFO | {'message': 'I just tried game! It was exciting.', 'author': 'Bob', 'timestamp': '2025-09-26 21:25:29', 'category': 'gaming', 'sentiment': 0.95, 'keyword_mentioned': 'game', 'message_length': 35}
2025-09-26 21:25:34 | INFO | {'message': 'I just loved recipe! It was weird.', 'author': 'Eve', 'timestamp': '2025-09-26 21:25:34', 'category': 'food', 'sentiment': 0.1, 'keyword_mentioned': 'recipe', 'message_length': 34}
2025-09-26 21:25:40 | INFO | {'message': 'I just loved a story! It was exciting.', 'author': 'Charlie', 'timestamp': '2025-09-26 21:25:40', 'category': 'other', 'sentiment': 0.07, 'keyword_mentioned': 'other', 'message_length': 38}
2025-09-26 21:25:45 | INFO | {'message': 'I just shared game! It was boring.', 'author': 'Bob', 'timestamp': '2025-09-26 21:25:45', 'category': 'gaming', 'sentiment': 0.85, 'keyword_mentioned': 'game', 'message_length': 34}
2025-09-26 21:25:50 | INFO | {'message': 'I just loved a story! It was boring.', 'author': 'Bob', 'timestamp': '2025-09-26 21:25:50', 'category': 'other', 'sentiment': 0.74, 'keyword_mentioned': 'other', 'message_length': 36}
2025-09-26 21:25:55 | INFO | {'message': 'I just found a movie! It was exciting.', 'author': 'Eve', 'timestamp': '2025-09-26 21:25:55', 'category': 'entertainment', 'sentiment': 0.37, 'keyword_mentioned': 'movie', 'message_length': 38}
2025-09-26 21:26:00 | INFO | {'message': 'I just tried recipe! It was amazing.', 'author': 'Bob', 'timestamp': '2025-09-26 21:26:00', 'category': 'food', 'sentiment': 0.69, 'keyword_mentioned': 'recipe', 'message_length': 36}
2025-09-26 21:26:05 | INFO | {'message': 'I just found travel! It was weird.', 'author': 'Charlie', 'timestamp': '2025-09-26 21:26:05', 'category': 'travel', 'sentiment': 0.3, 'keyword_mentioned': 'travel', 'message_length': 34}
2025-09-26 21:26:10 | INFO | {'message': 'I just tried travel! It was weird.', 'author': 'Alice', 'timestamp': '2025-09-26 21:26:10', 'category': 'travel', 'sentiment': 0.72, 'keyword_mentioned': 'travel', 'message_length': 34}
2025-09-26 21:26:15 | INFO | {'message': 'I just saw travel! It was funny.', 'author': 'Bob', 'timestamp': '2025-09-26 21:26:15', 'category': 'travel', 'sentiment': 0.65, 'keyword_mentioned': 'travel', 'message_length': 32}
2025-09-26 21:26:20 | INFO | {'message': 'I just loved an app! It was weird.', 'author': 'Charlie', 'timestamp': '2025-09-26 21:26:20', 'category': 'other', 'sentiment': 0.86, 'keyword_mentioned': 'other', 'message_length': 34}
2025-09-26 21:26:25 | INFO | {'message': 'I just shared a trick! It was amazing.', 'author': 'Bob', 'timestamp': '2025-09-26 21:26:25', 'category': 'other', 'sentiment': 0.45, 'keyword_mentioned': 'other', 'message_length': 38}
2025-09-26 21:26:30 | INFO | {'message': 'I just shared an app! It was funny.', 'author': 'Eve', 'timestamp': '2025-09-26 21:26:30', 'category': 'other', 'sentiment': 0.53, 'keyword_mentioned': 'other', 'message_length': 35}
2025-09-26 21:26:35 | INFO | {'message': 'I just tried a meme! It was amazing.', 'author': 'Charlie', 'timestamp': '2025-09-26 21:26:35', 'category': 'humor', 'sentiment': 0.11, 'keyword_mentioned': 'meme', 'message_length': 36}
2025-09-26 21:26:41 | INFO | {'message': 'I just found JavaScript! It was boring.', 'author': 'Bob', 'timestamp': '2025-09-26 21:26:41', 'category': 'tech', 'sentiment': 0.3, 'keyword_mentioned': 'JavaScript', 'message_length': 39}
2025-09-26 21:26:46 | INFO | {'message': 'I just tried a movie! It was boring.', 'author': 'Bob', 'timestamp': '2025-09-26 21:26:46', 'category': 'entertainment', 'sentiment': 0.49, 'keyword_mentioned': 'movie', 'message_length': 36}
2025-09-26 21:26:51 | INFO | {'message': 'I just saw game! It was boring.', 'author': 'Bob', 'timestamp': '2025-09-26 21:26:51', 'category': 'gaming', 'sentiment': 0.82, 'keyword_mentioned': 'game', 'message_length': 31}
2025-09-26 21:26:56 | INFO | {'message': 'I just found recipe! It was boring.', 'author': 'Alice', 'timestamp': '2025-09-26 21:26:56', 'category': 'food', 'sentiment': 0.45, 'keyword_mentioned': 'recipe', 'message_length': 35}
2025-09-26 21:27:01 | INFO | {'message': 'I just shared an app! It was funny.', 'author': 'Eve', 'timestamp': '2025-09-26 21:27:01', 'category': 'other', 'sentiment': 0.75, 'keyword_mentioned': 'other', 'message_length': 35}
2025-09-26 21:27:06 | INFO | {'message': 'I just shared an app! It was funny.', 'author': 'Alice', 'timestamp': '2025-09-26 21:27:06', 'category': 'other', 'sentiment': 0.72, 'keyword_mentioned': 'other', 'message_length': 35}
2025-09-26 21:27:11 | INFO | {'message': 'I just found a trick! It was boring.', 'author': 'Eve', 'timestamp': '2025-09-26 21:27:11', 'category': 'other', 'sentiment': 0.66, 'keyword_mentioned': 'other', 'message_length': 36}
2025-09-26 21:27:16 | INFO | {'message': 'I just found Python! It was boring.', 'author': 'Alice', 'timestamp': '2025-09-26 21:27:16', 'category': 'tech', 'sentiment': 0.67, 'keyword_mentioned': 'Python', 'message_length': 35}
2025-09-26 21:27:22 | INFO | {'message': 'I just loved a story! It was boring.', 'author': 'Bob', 'timestamp': '2025-09-26 21:27:22', 'category': 'other', 'sentiment': 0.97, 'keyword_mentioned': 'other', 'message_length': 36}
2025-09-26 21:27:27 | INFO | {'message': 'I just saw a meme! It was funny.', 'author': 'Charlie', 'timestamp': '2025-09-26 21:27:27', 'category': 'humor', 'sentiment': 0.21, 'keyword_mentioned': 'meme', 'message_length': 32}
2025-09-26 21:27:32 | INFO | {'message': 'I just tried a meme! It was amazing.', 'author': 'Charlie', 'timestamp': '2025-09-26 21:27:32', 'category': 'humor', 'sentiment': 0.93, 'keyword_mentioned': 'meme', 'message_length': 36}
2025-09-26 21:27:37 | INFO | {'message': 'I just saw game! It was weird.', 'author': 'Charlie', 'timestamp': '2025-09-26 21:27:37', 'category': 'gaming', 'sentiment': 0.71, 'keyword_mentioned': 'game', 'message_length': 30}
2025-09-26 21:27:42 | INFO | {'message': 'I just saw a story! It was boring.', 'author': 'Eve', 'timestamp': '2025-09-26 21:27:42', 'category': 'other', 'sentiment': 0.99, 'keyword_mentioned': 'other', 'message_length': 34}
2025-09-26 21:27:47 | INFO | {'message': 'I just shared a meme! It was exciting.', 'author': 'Bob', 'timestamp': '2025-09-26 21:27:47', 'category': 'humor', 'sentiment': 0.1, 'keyword_mentioned': 'meme', 'message_length': 38}
2025-09-26 21:27:53 | INFO | {'message': 'I just saw recipe! It was amazing.', 'author': 'Eve', 'timestamp': '2025-09-26 21:27:53', 'category': 'food', 'sentiment': 0.78, 'keyword_mentioned': 'recipe', 'message_length': 34}
2025-09-26 21:27:58 | INFO | {'message': 'I just saw JavaScript! It was exciting.', 'author': 'Eve', 'timestamp': '2025-09-26 21:27:58', 'category': 'tech', 'sentiment': 0.62, 'keyword_mentioned': 'JavaScript', 'message_length': 39}
2025-09-26 21:28:03 | INFO | {'message': 'I just tried game! It was boring.', 'author': 'Bob', 'timestamp': '2025-09-26 21:28:03', 'category': 'gaming', 'sentiment': 0.05, 'keyword_mentioned': 'game', 'message_length': 33}
2025-09-26 21:28:08 | INFO | {'message': 'I just saw a trick! It was boring.', 'author': 'Bob', 'timestamp': '2025-09-26 21:28:08', 'category': 'other', 'sentiment': 0.14, 'keyword_mentioned': 'other', 'message_length': 34}
2025-09-26 21:28:13 | INFO | {'message': 'I just shared travel! It was exciting.', 'author': 'Alice', 'timestamp': '2025-09-26 21:28:13', 'category': 'travel', 'sentiment': 0.48, 'keyword_mentioned': 'travel', 'message_length': 38}
2025-09-26 21:28:18 | INFO | {'message': 'I just shared a meme! It was amazing.', 'author': 'Bob', 'timestamp': '2025-09-26 21:28:18', 'category': 'humor', 'sentiment': 0.86, 'keyword_mentioned': 'meme', 'message_length': 37}
2025-09-26 21:28:24 | INFO | {'message': 'I just loved a story! It was exciting.', 'author': 'Eve', 'timestamp': '2025-09-26 21:28:24', 'category': 'other', 'sentiment': 0.29, 'keyword_mentioned': 'other', 'message_length': 38}
2025-09-26 21:28:29 | INFO | {'message': 'I just loved a movie! It was amazing.', 'author': 'Eve', 'timestamp': '2025-09-26 21:28:29', 'category': 'entertainment', 'sentiment': 0.48, 'keyword_mentioned': 'movie', 'message_length': 37}
2025-09-26 21:28:34 | INFO | {'message': 'I just saw a meme! It was boring.', 'author': 'Bob', 'timestamp': '2025-09-26 21:28:34', 'category': 'humor', 'sentiment': 0.66, 'keyword_mentioned': 'meme', 'message_length': 33}
2025-09-26 21:28:39 | INFO | {'message': 'I just saw a meme! It was amazing.', 'author': 'Eve', 'timestamp': '2025-09-26 21:28:39', 'category': 'humor', 'sentiment': 0.55, 'keyword_mentioned': 'meme', 'message_length': 34}
2025-09-26 21:28:44 | INFO | {'message': 'I just saw Python! It was funny.', 'author': 'Alice', 'timestamp': '2025-09-26 21:28:44', 'category': 'tech', 'sentiment': 0.19, 'keyword_mentioned': 'Python', 'message_length': 32}
2025-09-26 21:28:49 | INFO | {'message': 'I just tried an app! It was boring.', 'author': 'Eve', 'timestamp': '2025-09-26 21:28:49', 'category': 'other', 'sentiment': 0.83, 'keyword_mentioned': 'other', 'message_length': 35}
2025-09-26 21:28:54 | INFO | {'message': 'I just saw a movie! It was exciting.', 'author': 'Eve', 'timestamp': '2025-09-26 21:28:54', 'category': 'entertainment', 'sentiment': 0.65, 'keyword_mentioned': 'movie', 'message_length': 36}
2025-09-26 21:29:00 | INFO | {'message': 'I just tried a movie! It was funny.', 'author': 'Eve', 'timestamp': '2025-09-26 21:29:00', 'category': 'entertainment', 'sentiment': 0.08, 'keyword_mentioned': 'movie', 'message_length': 35}
2025-09-26 21:29:05 | INFO | {'message': 'I just found a movie! It was boring.', 'author': 'Bob', 'timestamp': '2025-09-26 21:29:05', 'category': 'entertainment', 'sentiment': 0.58, 'keyword_mentioned': 'movie', 'message_length': 36}
2025-09-26 21:29:10 | INFO | {'message': 'I just saw a trick! It was boring.', 'author': 'Alice', 'timestamp': '2025-09-26 21:29:10', 'category': 'other', 'sentiment': 0.6, 'keyword_mentioned': 'other', 'message_length': 34}
2025-09-26 21:29:15 | INFO | {'message': 'I just saw Python! It was exciting.', 'author': 'Eve', 'timestamp': '2025-09-26 21:29:15', 'category': 'tech', 'sentiment': 0.02, 'keyword_mentioned': 'Python', 'message_length': 35}
2025-09-26 21:29:20 | INFO | {'message': 'I just found a movie! It was weird.', 'author': 'Alice', 'timestamp': '2025-09-26 21:29:20', 'category': 'entertainment', 'sentiment': 0.39, 'keyword_mentioned': 'movie', 'message_length': 35}
2025-09-26 21:29:25 | INFO | {'message': 'I just tried a story! It was weird.', 'author': 'Alice', 'timestamp': '2025-09-26 21:29:25', 'category': 'other', 'sentiment': 0.26, 'keyword_mentioned': 'other', 'message_length': 35}
2025-09-26 21:29:31 | INFO | {'message': 'I just tried a meme! It was exciting.', 'author': 'Eve', 'timestamp': '2025-09-26 21:29:31', 'category': 'humor', 'sentiment': 0.91, 'keyword_mentioned': 'meme', 'message_length': 37}
2025-09-26 21:29:36 | INFO | {'message': 'I just tried a story! It was funny.', 'author': 'Alice', 'timestamp': '2025-09-26 21:29:36', 'category': 'other', 'sentiment': 0.78, 'keyword_mentioned': 'other', 'message_length': 35}
2025-09-26 21:29:41 | INFO | {'message': 'I just tried recipe! It was exciting.', 'author': 'Alice', 'timestamp': '2025-09-26 21:29:41', 'category': 'food', 'sentiment': 0.46, 'keyword_mentioned': 'recipe', 'message_length': 37}
2025-09-26 21:29:46 | INFO | {'message': 'I just tried travel! It was exciting.', 'author': 'Alice', 'timestamp': '2025-09-26 21:29:46', 'category': 'travel', 'sentiment': 0.84, 'keyword_mentioned': 'travel', 'message_length': 37}
2025-09-26 21:29:51 | INFO | {'message': 'I just shared an app! It was funny.', 'author': 'Charlie', 'timestamp': '2025-09-26 21:29:51', 'category': 'other', 'sentiment': 0.19, 'keyword_mentioned': 'other', 'message_length': 35}
2025-09-26 21:29:56 | INFO | {'message': 'I just shared an app! It was amazing.', 'author': 'Bob', 'timestamp': '2025-09-26 21:29:56', 'category': 'other', 'sentiment': 0.62, 'keyword_mentioned': 'other', 'message_length': 37}
2025-09-26 21:30:01 | INFO | {'message': 'I just loved JavaScript! It was exciting.', 'author': 'Charlie', 'timestamp': '2025-09-26 21:30:01', 'category': 'tech', 'sentiment': 0.02, 'keyword_mentioned': 'JavaScript', 'message_length': 41}
2025-09-26 21:30:07 | INFO | {'message': 'I just loved a trick! It was exciting.', 'author': 'Charlie', 'timestamp': '2025-09-26 21:30:07', 'category': 'other', 'sentiment': 0.72, 'keyword_mentioned': 'other', 'message_length': 38}
2025-09-26 21:30:12 | INFO | {'message': 'I just found Python! It was funny.', 'author': 'Charlie', 'timestamp': '2025-09-26 21:30:12', 'category': 'tech', 'sentiment': 0.01, 'keyword_mentioned': 'Python', 'message_length': 34}
2025-09-26 21:30:17 | INFO | {'message': 'I just saw a movie! It was exciting.', 'author': 'Bob', 'timestamp': '2025-09-26 21:30:17', 'category': 'entertainment', 'sentiment': 0.61, 'keyword_mentioned': 'movie', 'message_length': 36}
2025-09-26 21:30:22 | INFO | {'message': 'I just tried travel! It was amazing.', 'author': 'Alice', 'timestamp': '2025-09-26 21:30:22', 'category': 'travel', 'sentiment': 0.97, 'keyword_mentioned': 'travel', 'message_length': 36}
2025-09-26 21:30:27 | INFO | {'message': 'I just shared an app! It was exciting.', 'author': 'Eve', 'timestamp': '2025-09-26 21:30:27', 'category': 'other', 'sentiment': 0.48, 'keyword_mentioned': 'other', 'message_length': 38}
2025-09-26 21:30:32 | INFO | {'message': 'I just loved recipe! It was boring.', 'author': 'Charlie', 'timestamp': '2025-09-26 21:30:32', 'category': 'food', 'sentiment': 0.22, 'keyword_mentioned': 'recipe', 'message_length': 35}
2025-09-26 21:30:37 | INFO | {'message': 'I just found recipe! It was funny.', 'author': 'Alice', 'timestamp': '2025-09-26 21:30:37', 'category': 'food', 'sentiment': 0.45, 'keyword_mentioned': 'recipe', 'message_length': 34}
2025-09-26 21:30:42 | INFO | {'message': 'I just tried travel! It was exciting.', 'author': 'Bob', 'timestamp': '2025-09-26 21:30:42', 'category': 'travel', 'sentiment': 0.36, 'keyword_mentioned': 'travel', 'message_length': 37}
2025-09-26 21:30:47 | INFO | {'message': 'I just tried JavaScript! It was boring.', 'author': 'Charlie', 'timestamp': '2025-09-26 21:30:47', 'category': 'tech', 'sentiment': 0.41, 'keyword_mentioned': 'JavaScript', 'message_length': 39}
2025-09-26 21:30:52 | INFO | {'message': 'I just tried JavaScript! It was amazing.', 'author': 'Alice', 'timestamp': '2025-09-26 21:30:52', 'category': 'tech', 'sentiment': 0.61, 'keyword_mentioned': 'JavaScript', 'message_length': 40}
2025-09-26 21:30:58 | INFO | {'message': 'I just found a story! It was boring.', 'author': 'Alice', 'timestamp': '2025-09-26 21:30:58', 'category': 'other', 'sentiment': 0.71, 'keyword_mentioned': 'other', 'message_length': 36}
2025-09-26 21:31:03 | INFO | {'message': 'I just shared Python! It was funny.', 'author': 'Alice', 'timestamp': '2025-09-26 21:31:03', 'category': 'tech', 'sentiment': 0.17, 'keyword_mentioned': 'Python', 'message_length': 35}
2025-09-26 21:31:08 | INFO | {'message': 'I just loved an app! It was amazing.', 'author': 'Bob', 'timestamp': '2025-09-26 21:31:08', 'category': 'other', 'sentiment': 1.0, 'keyword_mentioned': 'other', 'message_length': 36}
2025-09-26 21:31:13 | INFO | {'message': 'I just saw game! It was exciting.', 'author': 'Charlie', 'timestamp': '2025-09-26 21:31:13', 'category': 'gaming', 'sentiment': 0.17, 'keyword_mentioned': 'game', 'message_length': 33}
2025-09-26 21:31:18 | INFO | {'message': 'I just found a movie! It was amazing.', 'author': 'Alice', 'timestamp': '2025-09-26 21:31:18', 'category': 'entertainment', 'sentiment': 0.8, 'keyword_mentioned': 'movie', 'message_length': 37}
2025-09-26 21:31:23 | INFO | {'message': 'I just saw a story! It was funny.', 'author': 'Eve', 'timestamp': '2025-09-26 21:31:23', 'category': 'other', 'sentiment': 0.51, 'keyword_mentioned': 'other', 'message_length': 33}
2025-09-26 21:31:28 | INFO | {'message': 'I just loved a story! It was funny.', 'author': 'Charlie', 'timestamp': '2025-09-26 21:31:28', 'category': 'other', 'sentiment': 0.51, 'keyword_mentioned': 'other', 'message_length': 35}
2025-09-26 21:31:33 | INFO | {'message': 'I just shared an app! It was amazing.', 'author': 'Alice', 'timestamp': '2025-09-26 21:31:33', 'category': 'other', 'sentiment': 0.7, 'keyword_mentioned': 'other', 'message_length': 37}
2025-09-26 21:31:38 | INFO | {'message': 'I just loved a story! It was exciting.', 'author': 'Eve', 'timestamp': '2025-09-26 21:31:38', 'category': 'other', 'sentiment': 0.62, 'keyword_mentioned': 'other', 'message_length': 38}
2025-09-26 21:31:44 | INFO | {'message': 'I just loved JavaScript! It was funny.', 'author': 'Alice', 'timestamp': '2025-09-26 21:31:44', 'category': 'tech', 'sentiment': 0.12, 'keyword_mentioned': 'JavaScript', 'message_length': 38}
2025-09-26 21:31:49 | INFO | {'message': 'I just saw game! It was boring.', 'author': 'Alice', 'timestamp': '2025-09-26 21:31:49', 'category': 'gaming', 'sentiment': 0.28, 'keyword_mentioned': 'game', 'message_length': 31}
2025-09-26 21:31:54 | INFO | {'message': 'I just found game! It was boring.', 'author': 'Alice', 'timestamp': '2025-09-26 21:31:54', 'category': 'gaming', 'sentiment': 0.83, 'keyword_mentioned': 'game', 'message_length': 33}
2025-09-26 21:31:59 | INFO | {'message': 'I just loved an app! It was exciting.', 'author': 'Charlie', 'timestamp': '2025-09-26 21:31:59', 'category': 'other', 'sentiment': 0.78, 'keyword_mentioned': 'other', 'message_length': 37}
2025-09-26 21:32:04 | INFO | {'message': 'I just loved travel! It was amazing.', 'author': 'Charlie', 'timestamp': '2025-09-26 21:32:04', 'category': 'travel', 'sentiment': 0.43, 'keyword_mentioned': 'travel', 'message_length': 36}
2025-09-26 21:32:09 | INFO | {'message': 'I just found a meme! It was weird.', 'author': 'Eve', 'timestamp': '2025-09-26 21:32:09', 'category': 'humor', 'sentiment': 0.92, 'keyword_mentioned': 'meme', 'message_length': 34}
2025-09-26 21:32:14 | INFO | {'message': 'I just saw JavaScript! It was weird.', 'author': 'Eve', 'timestamp': '2025-09-26 21:32:14', 'category': 'tech', 'sentiment': 0.36, 'keyword_mentioned': 'JavaScript', 'message_length': 36}
2025-09-26 21:32:19 | INFO | {'message': 'I just shared a trick! It was amazing.', 'author': 'Bob', 'timestamp': '2025-09-26 21:32:19', 'category': 'other', 'sentiment': 0.71, 'keyword_mentioned': 'other', 'message_length': 38}
2025-09-26 21:32:24 | INFO | {'message': 'I just shared a movie! It was weird.', 'author': 'Alice', 'timestamp': '2025-09-26 21:32:24', 'category': 'entertainment', 'sentiment': 0.74, 'keyword_mentioned': 'movie', 'message_length': 36}
2025-09-26 21:32:30 | INFO | {'message': 'I just saw a story! It was boring.', 'author': 'Eve', 'timestamp': '2025-09-26 21:32:30', 'category': 'other', 'sentiment': 0.77, 'keyword_mentioned': 'other', 'message_length': 34}
2025-09-26 21:32:35 | INFO | {'message': 'I just tried game! It was amazing.', 'author': 'Alice', 'timestamp': '2025-09-26 21:32:35', 'category': 'gaming', 'sentiment': 0.99, 'keyword_mentioned': 'game', 'message_length': 34}
2025-09-26 21:32:40 | INFO | {'message': 'I just tried travel! It was weird.', 'author': 'Alice', 'timestamp': '2025-09-26 21:32:40', 'category': 'travel', 'sentiment': 0.73, 'keyword_mentioned': 'travel', 'message_length': 34}
2025-09-26 21:32:45 | INFO | {'message': 'I just saw a story! It was exciting.', 'author': 'Alice', 'timestamp': '2025-09-26 21:32:45', 'category': 'other', 'sentiment': 0.76, 'keyword_mentioned': 'other', 'message_length': 36}
2025-09-26 21:32:50 | INFO | {'message': 'I just shared game! It was exciting.', 'author': 'Charlie', 'timestamp': '2025-09-26 21:32:50', 'category': 'gaming', 'sentiment': 0.15, 'keyword_mentioned': 'game', 'message_length': 36}
2025-09-26 21:32:55 | INFO | {'message': 'I just saw an app! It was amazing.', 'author': 'Alice', 'timestamp': '2025-09-26 21:32:55', 'category': 'other', 'sentiment': 0.36, 'keyword_mentioned': 'other', 'message_length': 34}
2025-09-26 21:33:00 | INFO | {'message': 'I just tried a meme! It was exciting.', 'author': 'Eve', 'timestamp': '2025-09-26 21:33:00', 'category': 'humor', 'sentiment': 0.12, 'keyword_mentioned': 'meme', 'message_length': 37}
2025-09-26 21:33:05 | INFO | {'message': 'I just saw Python! It was weird.', 'author': 'Eve', 'timestamp': '2025-09-26 21:33:05', 'category': 'tech', 'sentiment': 0.04, 'keyword_mentioned': 'Python', 'message_length': 32}
2025-09-26 21:33:10 | INFO | {'message': 'I just tried Python! It was amazing.', 'author': 'Bob', 'timestamp': '2025-09-26 21:33:10', 'category': 'tech', 'sentiment': 0.75, 'keyword_mentioned': 'Python', 'message_length': 36}
2025-09-26 21:33:15 | INFO | {'message': 'I just loved JavaScript! It was exciting.', 'author': 'Bob', 'timestamp': '2025-09-26 21:33:15', 'category': 'tech', 'sentiment': 0.35, 'keyword_mentioned': 'JavaScript', 'message_length': 41}
2025-09-26 21:33:21 | INFO | {'message': 'I just saw an app! It was weird.', 'author': 'Alice', 'timestamp': '2025-09-26 21:33:21', 'category': 'other', 'sentiment': 0.01, 'keyword_mentioned': 'other', 'message_length': 32}
2025-09-26 21:33:26 | INFO | {'message': 'I just found travel! It was weird.', 'author': 'Charlie', 'timestamp': '2025-09-26 21:33:26', 'category': 'travel', 'sentiment': 0.34, 'keyword_mentioned': 'travel', 'message_length': 34}
2025-09-26 21:33:31 | INFO | {'message': 'I just shared game! It was amazing.', 'author': 'Charlie', 'timestamp': '2025-09-26 21:33:31', 'category': 'gaming', 'sentiment': 0.23, 'keyword_mentioned': 'game', 'message_length': 35}
2025-09-26 21:33:36 | INFO | {'message': 'I just saw Python! It was boring.', 'author': 'Charlie', 'timestamp': '2025-09-26 21:33:36', 'category': 'tech', 'sentiment': 0.13, 'keyword_mentioned': 'Python', 'message_length': 33}
2025-09-26 21:33:41 | INFO | {'message': 'I just tried a story! It was funny.', 'author': 'Eve', 'timestamp': '2025-09-26 21:33:41', 'category': 'other', 'sentiment': 0.29, 'keyword_mentioned': 'other', 'message_length': 35}
2025-09-26 21:33:46 | INFO | {'message': 'I just saw JavaScript! It was amazing.', 'author': 'Eve', 'timestamp': '2025-09-26 21:33:46', 'category': 'tech', 'sentiment': 0.69, 'keyword_mentioned': 'JavaScript', 'message_length': 38}
2025-09-26 21:33:51 | INFO | {'message': 'I just shared Python! It was funny.', 'author': 'Alice', 'timestamp': '2025-09-26 21:33:51', 'category': 'tech', 'sentiment': 0.08, 'keyword_mentioned': 'Python', 'message_length': 35}
2025-09-26 21:33:57 | INFO | {'message': 'I just loved an app! It was boring.', 'author': 'Alice', 'timestamp': '2025-09-26 21:33:57', 'category': 'other', 'sentiment': 0.17, 'keyword_mentioned': 'other', 'message_length': 35}
2025-09-26 21:34:02 | INFO | {'message': 'I just found a meme! It was weird.', 'author': 'Charlie', 'timestamp': '2025-09-26 21:34:02', 'category': 'humor', 'sentiment': 0.92, 'keyword_mentioned': 'meme', 'message_length': 34}
2025-09-26 21:34:07 | INFO | {'message': 'I just found JavaScript! It was boring.', 'author': 'Bob', 'timestamp': '2025-09-26 21:34:07', 'category': 'tech', 'sentiment': 0.27, 'keyword_mentioned': 'JavaScript', 'message_length': 39}
2025-09-26 21:34:12 | INFO | {'message': 'I just found a meme! It was weird.', 'author': 'Charlie', 'timestamp': '2025-09-26 21:34:12', 'category': 'humor', 'sentiment': 0.83, 'keyword_mentioned': 'meme', 'message_length': 34}
2025-09-26 21:34:17 | INFO | {'message': 'I just found a movie! It was weird.', 'author': 'Charlie', 'timestamp': '2025-09-26 21:34:17', 'category': 'entertainment', 'sentiment': 0.59, 'keyword_mentioned': 'movie', 'message_length': 35}
2025-09-26 21:34:22 | INFO | {'message': 'I just loved a story! It was funny.', 'author': 'Charlie', 'timestamp': '2025-09-26 21:34:22', 'category': 'other', 'sentiment': 0.59, 'keyword_mentioned': 'other', 'message_length': 35}
2025-09-26 21:34:28 | INFO | {'message': 'I just tried a story! It was boring.', 'author': 'Charlie', 'timestamp': '2025-09-26 21:34:28', 'category': 'other', 'sentiment': 0.31, 'keyword_mentioned': 'other', 'message_length': 36}
2025-09-26 21:34:33 | INFO | {'message': 'I just tried a movie! It was boring.', 'author': 'Alice', 'timestamp': '2025-09-26 21:34:33', 'category': 'entertainment', 'sentiment': 0.53, 'keyword_mentioned': 'movie', 'message_length': 36}
2025-09-26 21:34:38 | INFO | {'message': 'I just tried JavaScript! It was weird.', 'author': 'Eve', 'timestamp': '2025-09-26 21:34:38', 'category': 'tech', 'sentiment': 0.96, 'keyword_mentioned': 'JavaScript', 'message_length': 38}
2025-09-26 21:34:43 | INFO | {'message': 'I just found recipe! It was boring.', 'author': 'Eve', 'timestamp': '2025-09-26 21:34:43', 'category': 'food', 'sentiment': 0.57, 'keyword_mentioned': 'recipe', 'message_length': 35}
2025-09-26 21:34:48 | INFO | {'message': 'I just found an app! It was funny.', 'author': 'Charlie', 'timestamp': '2025-09-26 21:34:48', 'category': 'other', 'sentiment': 0.28, 'keyword_mentioned': 'other', 'message_length': 34}
2025-09-26 21:34:53 | INFO | {'message': 'I just shared an app! It was exciting.', 'author': 'Alice', 'timestamp': '2025-09-26 21:34:53', 'category': 'other', 'sentiment': 0.32, 'keyword_mentioned': 'other', 'message_length': 38}
2025-09-26 21:34:58 | INFO | {'message': 'I just tried a movie! It was funny.', 'author': 'Bob', 'timestamp': '2025-09-26 21:34:58', 'category': 'entertainment', 'sentiment': 0.33, 'keyword_mentioned': 'movie', 'message_length': 35}
2025-09-26 21:35:03 | INFO | {'message': 'I just loved Python! It was amazing.', 'author': 'Bob', 'timestamp': '2025-09-26 21:35:03', 'category': 'tech', 'sentiment': 0.54, 'keyword_mentioned': 'Python', 'message_length': 36}
2025-09-26 21:35:08 | INFO | {'message': 'I just shared a story! It was weird.', 'author': 'Bob', 'timestamp': '2025-09-26 21:35:08', 'category': 'other', 'sentiment': 0.64, 'keyword_mentioned': 'other', 'message_length': 36}
2025-09-26 21:35:13 | INFO | {'message': 'I just shared JavaScript! It was weird.', 'author': 'Eve', 'timestamp': '2025-09-26 21:35:13', 'category': 'tech', 'sentiment': 0.37, 'keyword_mentioned': 'JavaScript', 'message_length': 39}
2025-09-26 21:35:18 | INFO | {'message': 'I just loved game! It was exciting.', 'author': 'Alice', 'timestamp': '2025-09-26 21:35:18', 'category': 'gaming', 'sentiment': 0.25, 'keyword_mentioned': 'game', 'message_length': 35}
2025-09-26 21:35:23 | INFO | {'message': 'I just loved a story! It was weird.', 'author': 'Eve', 'timestamp': '2025-09-26 21:35:23', 'category': 'other', 'sentiment': 0.7, 'keyword_mentioned': 'other', 'message_length': 35}
2025-09-26 21:35:28 | INFO | {'message': 'I just saw a meme! It was boring.', 'author': 'Alice', 'timestamp': '2025-09-26 21:35:28', 'category': 'humor', 'sentiment': 0.14, 'keyword_mentioned': 'meme', 'message_length': 33}
2025-09-26 21:35:34 | INFO | {'message': 'I just saw travel! It was boring.', 'author': 'Bob', 'timestamp': '2025-09-26 21:35:34', 'category': 'travel', 'sentiment': 0.65, 'keyword_mentioned': 'travel', 'message_length': 33}
2025-09-26 21:35:39 | INFO | {'message': 'I just shared a meme! It was exciting.', 'author': 'Charlie', 'timestamp': '2025-09-26 21:35:39', 'category': 'humor', 'sentiment': 0.79, 'keyword_mentioned': 'meme', 'message_length': 38}
2025-09-26 21:35:44 | INFO | {'message': 'I just loved a meme! It was weird.', 'author': 'Bob', 'timestamp': '2025-09-26 21:35:44', 'category': 'humor', 'sentiment': 0.13, 'keyword_mentioned': 'meme', 'message_length': 34}
2025-09-26 21:35:49 | INFO | {'message': 'I just tried a trick! It was weird.', 'author': 'Alice', 'timestamp': '2025-09-26 21:35:49', 'category': 'other', 'sentiment': 0.64, 'keyword_mentioned': 'other', 'message_length': 35}
2025-09-26 21:35:54 | INFO | {'message': 'I just found JavaScript! It was amazing.', 'author': 'Alice', 'timestamp': '2025-09-26 21:35:54', 'category': 'tech', 'sentiment': 0.49, 'keyword_mentioned': 'JavaScript', 'message_length': 40}
2025-09-26 21:35:59 | INFO | {'message': 'I just shared a meme! It was funny.', 'author': 'Charlie', 'timestamp': '2025-09-26 21:35:59', 'category': 'humor', 'sentiment': 0.4, 'keyword_mentioned': 'meme', 'message_length': 35}
2025-09-26 21:36:04 | INFO | {'message': 'I just shared recipe! It was exciting.', 'author': 'Bob', 'timestamp': '2025-09-26 21:36:04', 'category': 'food', 'sentiment': 0.89, 'keyword_mentioned': 'recipe', 'message_length': 38}
2025-09-26 21:36:10 | INFO | {'message': 'I just tried a trick! It was funny.', 'author': 'Charlie', 'timestamp': '2025-09-26 21:36:10', 'category': 'other', 'sentiment': 0.13, 'keyword_mentioned': 'other', 'message_length': 35}
2025-09-26 21:36:15 | INFO | {'message': 'I just found a story! It was exciting.', 'author': 'Bob', 'timestamp': '2025-09-26 21:36:15', 'category': 'other', 'sentiment': 0.27, 'keyword_mentioned': 'other', 'message_length': 38}
2025-09-26 21:36:20 | INFO | {'message': 'I just found a trick! It was exciting.', 'author': 'Bob', 'timestamp': '2025-09-26 21:36:20', 'category': 'other', 'sentiment': 0.57, 'keyword_mentioned': 'other', 'message_length': 38}
2025-09-26 21:36:25 | INFO | {'message': 'I just found a story! It was amazing.', 'author': 'Alice', 'timestamp': '2025-09-26 21:36:25', 'category': 'other', 'sentiment': 0.31, 'keyword_mentioned': 'other', 'message_length': 37}
2025-09-26 21:36:30 | INFO | {'message': 'I just loved travel! It was funny.', 'author': 'Charlie', 'timestamp': '2025-09-26 21:36:30', 'category': 'travel', 'sentiment': 0.53, 'keyword_mentioned': 'travel', 'message_length': 34}
2025-09-26 21:36:35 | INFO | {'message': 'I just loved travel! It was boring.', 'author': 'Charlie', 'timestamp': '2025-09-26 21:36:35', 'category': 'travel', 'sentiment': 0.62, 'keyword_mentioned': 'travel', 'message_length': 35}
2025-09-26 21:36:41 | INFO | {'message': 'I just saw an app! It was weird.', 'author': 'Eve', 'timestamp': '2025-09-26 21:36:41', 'category': 'other', 'sentiment': 0.61, 'keyword_mentioned': 'other', 'message_length': 32}
2025-09-26 21:36:46 | INFO | {'message': 'I just loved Python! It was amazing.', 'author': 'Eve', 'timestamp': '2025-09-26 21:36:46', 'category': 'tech', 'sentiment': 0.32, 'keyword_mentioned': 'Python', 'message_length': 36}
2025-09-26 21:36:51 | INFO | {'message': 'I just loved game! It was weird.', 'author': 'Alice', 'timestamp': '2025-09-26 21:36:51', 'category': 'gaming', 'sentiment': 0.87, 'keyword_mentioned': 'game', 'message_length': 32}
2025-09-26 21:36:56 | INFO | {'message': 'I just tried game! It was boring.', 'author': 'Charlie', 'timestamp': '2025-09-26 21:36:56', 'category': 'gaming', 'sentiment': 0.8, 'keyword_mentioned': 'game', 'message_length': 33}
2025-09-26 21:37:01 | INFO | {'message': 'I just saw recipe! It was boring.', 'author': 'Alice', 'timestamp': '2025-09-26 21:37:01', 'category': 'food', 'sentiment': 0.2, 'keyword_mentioned': 'recipe', 'message_length': 33}
2025-09-26 21:37:06 | INFO | {'message': 'I just loved recipe! It was amazing.', 'author': 'Alice', 'timestamp': '2025-09-26 21:37:06', 'category': 'food', 'sentiment': 0.77, 'keyword_mentioned': 'recipe', 'message_length': 36}
2025-09-26 21:37:12 | INFO | {'message': 'I just tried a trick! It was exciting.', 'author': 'Eve', 'timestamp': '2025-09-26 21:37:12', 'category': 'other', 'sentiment': 0.5, 'keyword_mentioned': 'other', 'message_length': 38}
2025-09-26 21:37:17 | INFO | {'message': 'I just found recipe! It was weird.', 'author': 'Bob', 'timestamp': '2025-09-26 21:37:17', 'category': 'food', 'sentiment': 0.74, 'keyword_mentioned': 'recipe', 'message_length': 34}
2025-09-26 21:37:22 | INFO | {'message': 'I just saw a story! It was amazing.', 'author': 'Alice', 'timestamp': '2025-09-26 21:37:22', 'category': 'other', 'sentiment': 0.18, 'keyword_mentioned': 'other', 'message_length': 35}
2025-09-26 21:37:27 | INFO | {'message': 'I just tried game! It was boring.', 'author': 'Alice', 'timestamp': '2025-09-26 21:37:27', 'category': 'gaming', 'sentiment': 0.62, 'keyword_mentioned': 'game', 'message_length': 33}
2025-09-26 21:37:32 | INFO | {'message': 'I just shared an app! It was amazing.', 'author': 'Charlie', 'timestamp': '2025-09-26 21:37:32', 'category': 'other', 'sentiment': 0.44, 'keyword_mentioned': 'other', 'message_length': 37}
2025-09-26 21:37:37 | INFO | {'message': 'I just tried a movie! It was weird.', 'author': 'Charlie', 'timestamp': '2025-09-26 21:37:37', 'category': 'entertainment', 'sentiment': 0.76, 'keyword_mentioned': 'movie', 'message_length': 35}
2025-09-26 21:37:42 | INFO | {'message': 'I just tried Python! It was amazing.', 'author': 'Eve', 'timestamp': '2025-09-26 21:37:42', 'category': 'tech', 'sentiment': 0.3, 'keyword_mentioned': 'Python', 'message_length': 36}
2025-09-26 21:37:48 | INFO | {'message': 'I just loved JavaScript! It was boring.', 'author': 'Alice', 'timestamp': '2025-09-26 21:37:48', 'category': 'tech', 'sentiment': 0.79, 'keyword_mentioned': 'JavaScript', 'message_length': 39}
2025-09-26 21:37:53 | INFO | {'message': 'I just tried Python! It was exciting.', 'author': 'Eve', 'timestamp': '2025-09-26 21:37:53', 'category': 'tech', 'sentiment': 0.37, 'keyword_mentioned': 'Python', 'message_length': 37}
2025-09-26 21:37:58 | INFO | {'message': 'I just saw JavaScript! It was weird.', 'author': 'Alice', 'timestamp': '2025-09-26 21:37:58', 'category': 'tech', 'sentiment': 0.8, 'keyword_mentioned': 'JavaScript', 'message_length': 36}
2025-09-26 21:38:03 | INFO | {'message': 'I just saw Python! It was exciting.', 'author': 'Bob', 'timestamp': '2025-09-26 21:38:03', 'category': 'tech', 'sentiment': 0.88, 'keyword_mentioned': 'Python', 'message_length': 35}
2025-09-26 21:38:08 | INFO | {'message': 'I just tried a meme! It was weird.', 'author': 'Bob', 'timestamp': '2025-09-26 21:38:08', 'category': 'humor', 'sentiment': 0.72, 'keyword_mentioned': 'meme', 'message_length': 34}
2025-09-26 21:38:13 | INFO | {'message': 'I just tried an app! It was exciting.', 'author': 'Eve', 'timestamp': '2025-09-26 21:38:13', 'category': 'other', 'sentiment': 0.39, 'keyword_mentioned': 'other', 'message_length': 37}
2025-09-26 21:38:19 | INFO | {'message': 'I just loved an app! It was weird.', 'author': 'Charlie', 'timestamp': '2025-09-26 21:38:19', 'category': 'other', 'sentiment': 0.29, 'keyword_mentioned': 'other', 'message_length': 34}
2025-09-26 21:38:24 | INFO | {'message': 'I just loved game! It was boring.', 'author': 'Charlie', 'timestamp': '2025-09-26 21:38:24', 'category': 'gaming', 'sentiment': 0.06, 'keyword_mentioned': 'game', 'message_length': 33}
2025-09-26 21:38:29 | INFO | {'message': 'I just loved travel! It was exciting.', 'author': 'Charlie', 'timestamp': '2025-09-26 21:38:29', 'category': 'travel', 'sentiment': 0.61, 'keyword_mentioned': 'travel', 'message_length': 37}
2025-09-26 21:38:34 | INFO | {'message': 'I just tried game! It was boring.', 'author': 'Alice', 'timestamp': '2025-09-26 21:38:34', 'category': 'gaming', 'sentiment': 0.28, 'keyword_mentioned': 'game', 'message_length': 33}
2025-09-26 21:38:39 | INFO | {'message': 'I just loved a movie! It was exciting.', 'author': 'Eve', 'timestamp': '2025-09-26 21:38:39', 'category': 'entertainment', 'sentiment': 0.13, 'keyword_mentioned': 'movie', 'message_length': 38}
2025-09-26 21:38:44 | INFO | {'message': 'I just found a meme! It was boring.', 'author': 'Bob', 'timestamp': '2025-09-26 21:38:44', 'category': 'humor', 'sentiment': 0.66, 'keyword_mentioned': 'meme', 'message_length': 35}
2025-09-26 21:38:49 | INFO | {'message': 'I just loved a meme! It was exciting.', 'author': 'Alice', 'timestamp': '2025-09-26 21:38:49', 'category': 'humor', 'sentiment': 0.92, 'keyword_mentioned': 'meme', 'message_length': 37}
2025-09-26 21:38:55 | INFO | {'message': 'I just loved travel! It was funny.', 'author': 'Eve', 'timestamp': '2025-09-26 21:38:55', 'category': 'travel', 'sentiment': 0.33, 'keyword_mentioned': 'travel', 'message_length': 34}
2025-09-26 21:39:00 | INFO | {'message': 'I just found a story! It was weird.', 'author': 'Eve', 'timestamp': '2025-09-26 21:39:00', 'category': 'other', 'sentiment': 0.45, 'keyword_mentioned': 'other', 'message_length': 35}
2025-09-26 21:39:05 | INFO | {'message': 'I just loved a meme! It was amazing.', 'author': 'Bob', 'timestamp': '2025-09-26 21:39:05', 'category': 'humor', 'sentiment': 0.06, 'keyword_mentioned': 'meme', 'message_length': 36}
2025-09-26 21:39:10 | INFO | {'message': 'I just saw game! It was weird.', 'author': 'Charlie', 'timestamp': '2025-09-26 21:39:10', 'category': 'gaming', 'sentiment': 0.43, 'keyword_mentioned': 'game', 'message_length': 30}
2025-09-26 21:39:15 | INFO | {'message': 'I just saw JavaScript! It was weird.', 'author': 'Bob', 'timestamp': '2025-09-26 21:39:15', 'category': 'tech', 'sentiment': 0.47, 'keyword_mentioned': 'JavaScript', 'message_length': 36}
2025-09-26 21:39:20 | INFO | {'message': 'I just shared a trick! It was funny.', 'author': 'Bob', 'timestamp': '2025-09-26 21:39:20', 'category': 'other', 'sentiment': 0.65, 'keyword_mentioned': 'other', 'message_length': 36}
2025-09-26 21:39:26 | INFO | {'message': 'I just tried a movie! It was funny.', 'author': 'Charlie', 'timestamp': '2025-09-26 21:39:26', 'category': 'entertainment', 'sentiment': 0.49, 'keyword_mentioned': 'movie', 'message_length': 35}
