2025-09-27 08:28:56 | INFO | {'message': 'I just saw travel! It was boring.', 'author': 'Eve', 'timestamp': '2025-09-27 08:28:56', 'category': 'travel', 'sentiment': 0.99, 'keyword_mentioned': 'travel', 'message_length': 33}
2025-09-27 08:29:01 | INFO | {'message': 'I just saw a meme! It was funny.', 'author': 'Eve', 'timestamp': '2025-09-27 08:29:01', 'category': 'humor', 'sentiment': 0.27, 'keyword_mentioned': 'meme', 'message_length': 32}
2025-09-27 08:29:08 | INFO | {'message': 'I just loved a meme! It was boring.', 'author': 'Alice', 'timestamp': '2025-09-27 08:29:08', 'category': 'humor', 'sentiment': 0.5, 'keyword_mentioned': 'meme', 'message_length': 35}
2025-09-27 08:29:13 | INFO | {'message': 'I just shared a meme! It was boring.', 'author': 'Alice', 'timestamp': '2025-09-27 08:29:13', 'category': 'humor', 'sentiment': 0.17, 'keyword_mentioned': 'meme', 'message_length': 36}
2025-09-27 08:29:18 | INFO | {'message': 'I just saw Python! It was weird.', 'author': 'Bob', 'timestamp': '2025-09-27 08:29:18', 'category': 'tech', 'sentiment': 0.14, 'keyword_mentioned': 'Python', 'message_length': 32}
2025-09-27 08:29:23 | INFO | {'message': 'I just tried a movie! It was funny.', 'author': 'Alice', 'timestamp': '2025-09-27 08:29:23', 'category': 'entertainment', 'sentiment': 0.49, 'keyword_mentioned': 'movie', 'message_length': 35}
2025-09-27 08:29:28 | INFO | {'message': 'I just tried Python! It was exciting.', 'author': 'Alice', 'timestamp': '2025-09-27 08:29:28', 'category': 'tech', 'sentiment': 0.25, 'keyword_mentioned': 'Python', 'message_length': 37}
2025-09-27 08:29:33 | INFO | {'message': 'I just found recipe! It was amazing.', 'author': 'Eve', 'timestamp': '2025-09-27 08:29:33', 'category': 'food', 'sentiment': 0.49, 'keyword_mentioned': 'recipe', 'message_length': 36}
2025-09-27 08:29:40 | INFO | {'message': 'I just shared a story! It was amazing.', 'author': 'Eve', 'timestamp': '2025-09-27 08:29:40', 'category': 'other', 'sentiment': 0.82, 'keyword_mentioned': 'other', 'message_length': 38}
2025-09-27 08:29:45 | INFO | {'message': 'I just loved a meme! It was boring.', 'author': 'Eve', 'timestamp': '2025-09-27 08:29:45', 'category': 'humor', 'sentiment': 0.97, 'keyword_mentioned': 'meme', 'message_length': 35}
2025-09-27 08:29:50 | INFO | {'message': 'I just found Python! It was amazing.', 'author': 'Alice', 'timestamp': '2025-09-27 08:29:50', 'category': 'tech', 'sentiment': 0.85, 'keyword_mentioned': 'Python', 'message_length': 36}
2025-09-27 08:29:55 | INFO | {'message': 'I just saw a movie! It was weird.', 'author': 'Eve', 'timestamp': '2025-09-27 08:29:55', 'category': 'entertainment', 'sentiment': 0.12, 'keyword_mentioned': 'movie', 'message_length': 33}
2025-09-27 08:30:00 | INFO | {'message': 'I just tried Python! It was boring.', 'author': 'Bob', 'timestamp': '2025-09-27 08:30:00', 'category': 'tech', 'sentiment': 0.74, 'keyword_mentioned': 'Python', 'message_length': 35}
2025-09-27 08:30:05 | INFO | {'message': 'I just shared a meme! It was funny.', 'author': 'Charlie', 'timestamp': '2025-09-27 08:30:05', 'category': 'humor', 'sentiment': 0.33, 'keyword_mentioned': 'meme', 'message_length': 35}
2025-09-27 08:30:10 | INFO | {'message': 'I just found travel! It was weird.', 'author': 'Alice', 'timestamp': '2025-09-27 08:30:10', 'category': 'travel', 'sentiment': 0.58, 'keyword_mentioned': 'travel', 'message_length': 34}
2025-09-27 08:30:17 | INFO | {'message': 'I just shared a meme! It was funny.', 'author': 'Alice', 'timestamp': '2025-09-27 08:30:17', 'category': 'humor', 'sentiment': 0.61, 'keyword_mentioned': 'meme', 'message_length': 35}
2025-09-27 08:30:22 | INFO | {'message': 'I just saw JavaScript! It was weird.', 'author': 'Alice', 'timestamp': '2025-09-27 08:30:22', 'category': 'tech', 'sentiment': 0.98, 'keyword_mentioned': 'JavaScript', 'message_length': 36}
2025-09-27 08:30:27 | INFO | {'message': 'I just found travel! It was amazing.', 'author': 'Bob', 'timestamp': '2025-09-27 08:30:27', 'category': 'travel', 'sentiment': 0.8, 'keyword_mentioned': 'travel', 'message_length': 36}
2025-09-27 08:30:32 | INFO | {'message': 'I just tried a movie! It was boring.', 'author': 'Bob', 'timestamp': '2025-09-27 08:30:32', 'category': 'entertainment', 'sentiment': 0.12, 'keyword_mentioned': 'movie', 'message_length': 36}
2025-09-27 08:30:37 | INFO | {'message': 'I just tried a story! It was funny.', 'author': 'Charlie', 'timestamp': '2025-09-27 08:30:37', 'category': 'other', 'sentiment': 0.02, 'keyword_mentioned': 'other', 'message_length': 35}
2025-09-27 08:30:42 | INFO | {'message': 'I just tried a story! It was weird.', 'author': 'Alice', 'timestamp': '2025-09-27 08:30:42', 'category': 'other', 'sentiment': 0.23, 'keyword_mentioned': 'other', 'message_length': 35}
2025-09-27 08:30:49 | INFO | {'message': 'I just shared a trick! It was weird.', 'author': 'Eve', 'timestamp': '2025-09-27 08:30:49', 'category': 'other', 'sentiment': 0.4, 'keyword_mentioned': 'other', 'message_length': 36}
2025-09-27 08:30:54 | INFO | {'message': 'I just tried a movie! It was funny.', 'author': 'Eve', 'timestamp': '2025-09-27 08:30:54', 'category': 'entertainment', 'sentiment': 0.79, 'keyword_mentioned': 'movie', 'message_length': 35}
2025-09-27 08:30:59 | INFO | {'message': 'I just tried a meme! It was boring.', 'author': 'Bob', 'timestamp': '2025-09-27 08:30:59', 'category': 'humor', 'sentiment': 0.13, 'keyword_mentioned': 'meme', 'message_length': 35}
2025-09-27 08:31:04 | INFO | {'message': 'I just loved game! It was weird.', 'author': 'Eve', 'timestamp': '2025-09-27 08:31:04', 'category': 'gaming', 'sentiment': 0.86, 'keyword_mentioned': 'game', 'message_length': 32}
2025-09-27 08:31:09 | INFO | {'message': 'I just tried Python! It was weird.', 'author': 'Charlie', 'timestamp': '2025-09-27 08:31:09', 'category': 'tech', 'sentiment': 0.07, 'keyword_mentioned': 'Python', 'message_length': 34}
2025-09-27 08:31:14 | INFO | {'message': 'I just tried game! It was funny.', 'author': 'Charlie', 'timestamp': '2025-09-27 08:31:14', 'category': 'gaming', 'sentiment': 0.91, 'keyword_mentioned': 'game', 'message_length': 32}
2025-09-27 08:31:19 | INFO | {'message': 'I just found a movie! It was amazing.', 'author': 'Alice', 'timestamp': '2025-09-27 08:31:19', 'category': 'entertainment', 'sentiment': 0.01, 'keyword_mentioned': 'movie', 'message_length': 37}
2025-09-27 08:31:26 | INFO | {'message': 'I just saw a story! It was funny.', 'author': 'Bob', 'timestamp': '2025-09-27 08:31:26', 'category': 'other', 'sentiment': 0.83, 'keyword_mentioned': 'other', 'message_length': 33}
2025-09-27 08:31:31 | INFO | {'message': 'I just loved Python! It was amazing.', 'author': 'Eve', 'timestamp': '2025-09-27 08:31:31', 'category': 'tech', 'sentiment': 0.76, 'keyword_mentioned': 'Python', 'message_length': 36}
2025-09-27 08:31:36 | INFO | {'message': 'I just shared game! It was exciting.', 'author': 'Charlie', 'timestamp': '2025-09-27 08:31:36', 'category': 'gaming', 'sentiment': 0.77, 'keyword_mentioned': 'game', 'message_length': 36}
2025-09-27 08:31:41 | INFO | {'message': 'I just found Python! It was amazing.', 'author': 'Eve', 'timestamp': '2025-09-27 08:31:41', 'category': 'tech', 'sentiment': 0.56, 'keyword_mentioned': 'Python', 'message_length': 36}
2025-09-27 08:31:46 | INFO | {'message': 'I just shared game! It was exciting.', 'author': 'Eve', 'timestamp': '2025-09-27 08:31:46', 'category': 'gaming', 'sentiment': 0.8, 'keyword_mentioned': 'game', 'message_length': 36}
2025-09-27 08:31:51 | INFO | {'message': 'I just found game! It was exciting.', 'author': 'Charlie', 'timestamp': '2025-09-27 08:31:51', 'category': 'gaming', 'sentiment': 0.21, 'keyword_mentioned': 'game', 'message_length': 35}
