2025-09-27 08:17:56 | INFO | {'message': 'I just tried a trick! It was amazing.', 'author': 'Charlie', 'timestamp': '2025-09-27 08:17:56', 'category': 'other', 'sentiment': 0.4, 'keyword_mentioned': 'other', 'message_length': 37}
2025-09-27 08:18:01 | INFO | {'message': 'I just saw a story! It was weird.', 'author': 'Charlie', 'timestamp': '2025-09-27 08:18:01', 'category': 'other', 'sentiment': 0.59, 'keyword_mentioned': 'other', 'message_length': 33}
2025-09-27 08:18:06 | INFO | {'message': 'I just saw JavaScript! It was weird.', 'author': 'Charlie', 'timestamp': '2025-09-27 08:18:06', 'category': 'tech', 'sentiment': 0.29, 'keyword_mentioned': 'JavaScript', 'message_length': 36}
2025-09-27 08:18:13 | INFO | {'message': 'I just found a story! It was funny.', 'author': 'Charlie', 'timestamp': '2025-09-27 08:18:13', 'category': 'other', 'sentiment': 0.97, 'keyword_mentioned': 'other', 'message_length': 35}
2025-09-27 08:18:18 | INFO | {'message': 'I just saw an app! It was exciting.', 'author': 'Bob', 'timestamp': '2025-09-27 08:18:18', 'category': 'other', 'sentiment': 0.33, 'keyword_mentioned': 'other', 'message_length': 35}
2025-09-27 08:18:23 | INFO | {'message': 'I just tried recipe! It was exciting.', 'author': 'Alice', 'timestamp': '2025-09-27 08:18:23', 'category': 'food', 'sentiment': 0.34, 'keyword_mentioned': 'recipe', 'message_length': 37}
2025-09-27 08:18:28 | INFO | {'message': 'I just shared recipe! It was amazing.', 'author': 'Alice', 'timestamp': '2025-09-27 08:18:28', 'category': 'food', 'sentiment': 0.71, 'keyword_mentioned': 'recipe', 'message_length': 37}
2025-09-27 08:18:33 | INFO | {'message': 'I just shared a trick! It was funny.', 'author': 'Eve', 'timestamp': '2025-09-27 08:18:33', 'category': 'other', 'sentiment': 0.32, 'keyword_mentioned': 'other', 'message_length': 36}
2025-09-27 08:18:38 | INFO | {'message': 'I just shared a story! It was weird.', 'author': 'Alice', 'timestamp': '2025-09-27 08:18:38', 'category': 'other', 'sentiment': 0.7, 'keyword_mentioned': 'other', 'message_length': 36}
2025-09-27 08:18:45 | INFO | {'message': 'I just tried travel! It was funny.', 'author': 'Charlie', 'timestamp': '2025-09-27 08:18:45', 'category': 'travel', 'sentiment': 0.48, 'keyword_mentioned': 'travel', 'message_length': 34}
2025-09-27 08:18:50 | INFO | {'message': 'I just tried Python! It was weird.', 'author': 'Charlie', 'timestamp': '2025-09-27 08:18:50', 'category': 'tech', 'sentiment': 0.37, 'keyword_mentioned': 'Python', 'message_length': 34}
2025-09-27 08:18:55 | INFO | {'message': 'I just shared an app! It was boring.', 'author': 'Alice', 'timestamp': '2025-09-27 08:18:55', 'category': 'other', 'sentiment': 0.52, 'keyword_mentioned': 'other', 'message_length': 36}
2025-09-27 08:19:00 | INFO | {'message': 'I just tried a movie! It was amazing.', 'author': 'Charlie', 'timestamp': '2025-09-27 08:19:00', 'category': 'entertainment', 'sentiment': 0.72, 'keyword_mentioned': 'movie', 'message_length': 37}
2025-09-27 08:19:05 | INFO | {'message': 'I just saw JavaScript! It was weird.', 'author': 'Alice', 'timestamp': '2025-09-27 08:19:05', 'category': 'tech', 'sentiment': 0.98, 'keyword_mentioned': 'JavaScript', 'message_length': 36}
2025-09-27 08:19:10 | INFO | {'message': 'I just found game! It was funny.', 'author': 'Charlie', 'timestamp': '2025-09-27 08:19:10', 'category': 'gaming', 'sentiment': 0.44, 'keyword_mentioned': 'game', 'message_length': 32}
2025-09-27 08:19:17 | INFO | {'message': 'I just loved an app! It was boring.', 'author': 'Bob', 'timestamp': '2025-09-27 08:19:17', 'category': 'other', 'sentiment': 0.82, 'keyword_mentioned': 'other', 'message_length': 35}
2025-09-27 08:19:22 | INFO | {'message': 'I just shared travel! It was exciting.', 'author': 'Alice', 'timestamp': '2025-09-27 08:19:22', 'category': 'travel', 'sentiment': 0.4, 'keyword_mentioned': 'travel', 'message_length': 38}
2025-09-27 08:19:27 | INFO | {'message': 'I just saw an app! It was exciting.', 'author': 'Charlie', 'timestamp': '2025-09-27 08:19:27', 'category': 'other', 'sentiment': 0.84, 'keyword_mentioned': 'other', 'message_length': 35}
2025-09-27 08:19:32 | INFO | {'message': 'I just shared a movie! It was weird.', 'author': 'Alice', 'timestamp': '2025-09-27 08:19:32', 'category': 'entertainment', 'sentiment': 0.61, 'keyword_mentioned': 'movie', 'message_length': 36}
2025-09-27 08:19:37 | INFO | {'message': 'I just shared travel! It was weird.', 'author': 'Alice', 'timestamp': '2025-09-27 08:19:37', 'category': 'travel', 'sentiment': 0.81, 'keyword_mentioned': 'travel', 'message_length': 35}
2025-09-27 08:19:42 | INFO | {'message': 'I just found JavaScript! It was funny.', 'author': 'Bob', 'timestamp': '2025-09-27 08:19:42', 'category': 'tech', 'sentiment': 0.41, 'keyword_mentioned': 'JavaScript', 'message_length': 38}
2025-09-27 08:19:47 | INFO | {'message': 'I just tried a trick! It was boring.', 'author': 'Bob', 'timestamp': '2025-09-27 08:19:47', 'category': 'other', 'sentiment': 0.97, 'keyword_mentioned': 'other', 'message_length': 36}
2025-09-27 08:19:54 | INFO | {'message': 'I just tried a meme! It was weird.', 'author': 'Bob', 'timestamp': '2025-09-27 08:19:54', 'category': 'humor', 'sentiment': 0.04, 'keyword_mentioned': 'meme', 'message_length': 34}
2025-09-27 08:19:59 | INFO | {'message': 'I just saw JavaScript! It was exciting.', 'author': 'Eve', 'timestamp': '2025-09-27 08:19:59', 'category': 'tech', 'sentiment': 0.68, 'keyword_mentioned': 'JavaScript', 'message_length': 39}
2025-09-27 08:20:04 | INFO | {'message': 'I just saw game! It was weird.', 'author': 'Bob', 'timestamp': '2025-09-27 08:20:04', 'category': 'gaming', 'sentiment': 0.17, 'keyword_mentioned': 'game', 'message_length': 30}
2025-09-27 08:20:10 | INFO | {'message': 'I just found a meme! It was boring.', 'author': 'Bob', 'timestamp': '2025-09-27 08:20:10', 'category': 'humor', 'sentiment': 0.21, 'keyword_mentioned': 'meme', 'message_length': 35}
2025-09-27 08:20:15 | INFO | {'message': 'I just tried a movie! It was exciting.', 'author': 'Bob', 'timestamp': '2025-09-27 08:20:15', 'category': 'entertainment', 'sentiment': 0.28, 'keyword_mentioned': 'movie', 'message_length': 38}
2025-09-27 08:20:20 | INFO | {'message': 'I just shared a story! It was funny.', 'author': 'Charlie', 'timestamp': '2025-09-27 08:20:20', 'category': 'other', 'sentiment': 0.8, 'keyword_mentioned': 'other', 'message_length': 36}
2025-09-27 08:20:27 | INFO | {'message': 'I just shared a movie! It was exciting.', 'author': 'Alice', 'timestamp': '2025-09-27 08:20:27', 'category': 'entertainment', 'sentiment': 0.98, 'keyword_mentioned': 'movie', 'message_length': 39}
2025-09-27 08:20:32 | INFO | {'message': 'I just found travel! It was boring.', 'author': 'Bob', 'timestamp': '2025-09-27 08:20:32', 'category': 'travel', 'sentiment': 0.88, 'keyword_mentioned': 'travel', 'message_length': 35}
2025-09-27 08:20:37 | INFO | {'message': 'I just saw a trick! It was boring.', 'author': 'Charlie', 'timestamp': '2025-09-27 08:20:37', 'category': 'other', 'sentiment': 0.9, 'keyword_mentioned': 'other', 'message_length': 34}
2025-09-27 08:20:42 | INFO | {'message': 'I just shared a trick! It was funny.', 'author': 'Alice', 'timestamp': '2025-09-27 08:20:42', 'category': 'other', 'sentiment': 0.89, 'keyword_mentioned': 'other', 'message_length': 36}
2025-09-27 08:20:47 | INFO | {'message': 'I just loved a meme! It was weird.', 'author': 'Eve', 'timestamp': '2025-09-27 08:20:47', 'category': 'humor', 'sentiment': 0.08, 'keyword_mentioned': 'meme', 'message_length': 34}
2025-09-27 08:20:52 | INFO | {'message': 'I just tried travel! It was weird.', 'author': 'Charlie', 'timestamp': '2025-09-27 08:20:52', 'category': 'travel', 'sentiment': 0.88, 'keyword_mentioned': 'travel', 'message_length': 34}
2025-09-27 08:20:57 | INFO | {'message': 'I just loved a movie! It was funny.', 'author': 'Alice', 'timestamp': '2025-09-27 08:20:57', 'category': 'entertainment', 'sentiment': 0.15, 'keyword_mentioned': 'movie', 'message_length': 35}
2025-09-27 08:21:04 | INFO | {'message': 'I just tried a story! It was amazing.', 'author': 'Bob', 'timestamp': '2025-09-27 08:21:04', 'category': 'other', 'sentiment': 0.24, 'keyword_mentioned': 'other', 'message_length': 37}
2025-09-27 08:21:09 | INFO | {'message': 'I just shared Python! It was amazing.', 'author': 'Eve', 'timestamp': '2025-09-27 08:21:09', 'category': 'tech', 'sentiment': 0.05, 'keyword_mentioned': 'Python', 'message_length': 37}
2025-09-27 08:21:14 | INFO | {'message': 'I just tried an app! It was exciting.', 'author': 'Alice', 'timestamp': '2025-09-27 08:21:14', 'category': 'other', 'sentiment': 0.21, 'keyword_mentioned': 'other', 'message_length': 37}
2025-09-27 08:21:19 | INFO | {'message': 'I just saw recipe! It was exciting.', 'author': 'Charlie', 'timestamp': '2025-09-27 08:21:19', 'category': 'food', 'sentiment': 0.44, 'keyword_mentioned': 'recipe', 'message_length': 35}
2025-09-27 08:21:24 | INFO | {'message': 'I just tried a trick! It was weird.', 'author': 'Charlie', 'timestamp': '2025-09-27 08:21:24', 'category': 'other', 'sentiment': 0.81, 'keyword_mentioned': 'other', 'message_length': 35}
2025-09-27 08:21:29 | INFO | {'message': 'I just saw a meme! It was amazing.', 'author': 'Alice', 'timestamp': '2025-09-27 08:21:29', 'category': 'humor', 'sentiment': 0.68, 'keyword_mentioned': 'meme', 'message_length': 34}
2025-09-27 08:21:37 | INFO | {'message': 'I just tried game! It was amazing.', 'author': 'Bob', 'timestamp': '2025-09-27 08:21:37', 'category': 'gaming', 'sentiment': 0.37, 'keyword_mentioned': 'game', 'message_length': 34}
2025-09-27 08:21:42 | INFO | {'message': 'I just found an app! It was boring.', 'author': 'Eve', 'timestamp': '2025-09-27 08:21:42', 'category': 'other', 'sentiment': 0.63, 'keyword_mentioned': 'other', 'message_length': 35}
2025-09-27 08:21:47 | INFO | {'message': 'I just saw a story! It was weird.', 'author': 'Charlie', 'timestamp': '2025-09-27 08:21:47', 'category': 'other', 'sentiment': 0.98, 'keyword_mentioned': 'other', 'message_length': 33}
2025-09-27 08:21:52 | INFO | {'message': 'I just saw game! It was funny.', 'author': 'Eve', 'timestamp': '2025-09-27 08:21:52', 'category': 'gaming', 'sentiment': 0.93, 'keyword_mentioned': 'game', 'message_length': 30}
2025-09-27 08:21:57 | INFO | {'message': 'I just found JavaScript! It was boring.', 'author': 'Charlie', 'timestamp': '2025-09-27 08:21:57', 'category': 'tech', 'sentiment': 0.61, 'keyword_mentioned': 'JavaScript', 'message_length': 39}
2025-09-27 08:22:02 | INFO | {'message': 'I just tried an app! It was boring.', 'author': 'Charlie', 'timestamp': '2025-09-27 08:22:02', 'category': 'other', 'sentiment': 0.36, 'keyword_mentioned': 'other', 'message_length': 35}
2025-09-27 08:22:07 | INFO | {'message': 'I just found JavaScript! It was exciting.', 'author': 'Eve', 'timestamp': '2025-09-27 08:22:07', 'category': 'tech', 'sentiment': 0.05, 'keyword_mentioned': 'JavaScript', 'message_length': 41}
2025-09-27 08:22:14 | INFO | {'message': 'I just shared game! It was exciting.', 'author': 'Bob', 'timestamp': '2025-09-27 08:22:14', 'category': 'gaming', 'sentiment': 0.66, 'keyword_mentioned': 'game', 'message_length': 36}
2025-09-27 08:22:19 | INFO | {'message': 'I just found an app! It was exciting.', 'author': 'Bob', 'timestamp': '2025-09-27 08:22:19', 'category': 'other', 'sentiment': 0.59, 'keyword_mentioned': 'other', 'message_length': 37}
2025-09-27 08:22:24 | INFO | {'message': 'I just found a trick! It was boring.', 'author': 'Alice', 'timestamp': '2025-09-27 08:22:24', 'category': 'other', 'sentiment': 0.2, 'keyword_mentioned': 'other', 'message_length': 36}
2025-09-27 08:22:29 | INFO | {'message': 'I just loved a movie! It was weird.', 'author': 'Bob', 'timestamp': '2025-09-27 08:22:29', 'category': 'entertainment', 'sentiment': 0.4, 'keyword_mentioned': 'movie', 'message_length': 35}
2025-09-27 08:22:34 | INFO | {'message': 'I just found game! It was exciting.', 'author': 'Eve', 'timestamp': '2025-09-27 08:22:34', 'category': 'gaming', 'sentiment': 0.91, 'keyword_mentioned': 'game', 'message_length': 35}
2025-09-27 08:22:39 | INFO | {'message': 'I just found Python! It was boring.', 'author': 'Alice', 'timestamp': '2025-09-27 08:22:39', 'category': 'tech', 'sentiment': 0.25, 'keyword_mentioned': 'Python', 'message_length': 35}
2025-09-27 08:22:47 | INFO | {'message': 'I just loved a movie! It was boring.', 'author': 'Charlie', 'timestamp': '2025-09-27 08:22:47', 'category': 'entertainment', 'sentiment': 0.73, 'keyword_mentioned': 'movie', 'message_length': 36}
2025-09-27 08:22:52 | INFO | {'message': 'I just loved JavaScript! It was amazing.', 'author': 'Bob', 'timestamp': '2025-09-27 08:22:52', 'category': 'tech', 'sentiment': 0.75, 'keyword_mentioned': 'JavaScript', 'message_length': 40}
2025-09-27 08:22:57 | INFO | {'message': 'I just loved Python! It was boring.', 'author': 'Bob', 'timestamp': '2025-09-27 08:22:57', 'category': 'tech', 'sentiment': 0.79, 'keyword_mentioned': 'Python', 'message_length': 35}
2025-09-27 08:23:02 | INFO | {'message': 'I just loved a meme! It was exciting.', 'author': 'Alice', 'timestamp': '2025-09-27 08:23:02', 'category': 'humor', 'sentiment': 0.84, 'keyword_mentioned': 'meme', 'message_length': 37}
2025-09-27 08:23:07 | INFO | {'message': 'I just found JavaScript! It was funny.', 'author': 'Bob', 'timestamp': '2025-09-27 08:23:07', 'category': 'tech', 'sentiment': 0.88, 'keyword_mentioned': 'JavaScript', 'message_length': 38}
2025-09-27 08:23:12 | INFO | {'message': 'I just tried Python! It was boring.', 'author': 'Alice', 'timestamp': '2025-09-27 08:23:12', 'category': 'tech', 'sentiment': 0.48, 'keyword_mentioned': 'Python', 'message_length': 35}
2025-09-27 08:23:17 | INFO | {'message': 'I just found a movie! It was funny.', 'author': 'Bob', 'timestamp': '2025-09-27 08:23:17', 'category': 'entertainment', 'sentiment': 0.32, 'keyword_mentioned': 'movie', 'message_length': 35}
2025-09-27 08:23:24 | INFO | {'message': 'I just found a trick! It was amazing.', 'author': 'Bob', 'timestamp': '2025-09-27 08:23:24', 'category': 'other', 'sentiment': 0.4, 'keyword_mentioned': 'other', 'message_length': 37}
2025-09-27 08:23:29 | INFO | {'message': 'I just shared travel! It was funny.', 'author': 'Alice', 'timestamp': '2025-09-27 08:23:29', 'category': 'travel', 'sentiment': 0.87, 'keyword_mentioned': 'travel', 'message_length': 35}
2025-09-27 08:23:34 | INFO | {'message': 'I just loved a meme! It was funny.', 'author': 'Charlie', 'timestamp': '2025-09-27 08:23:34', 'category': 'humor', 'sentiment': 0.5, 'keyword_mentioned': 'meme', 'message_length': 34}
2025-09-27 08:23:39 | INFO | {'message': 'I just saw JavaScript! It was funny.', 'author': 'Eve', 'timestamp': '2025-09-27 08:23:39', 'category': 'tech', 'sentiment': 0.21, 'keyword_mentioned': 'JavaScript', 'message_length': 36}
2025-09-27 08:23:44 | INFO | {'message': 'I just saw a trick! It was boring.', 'author': 'Alice', 'timestamp': '2025-09-27 08:23:44', 'category': 'other', 'sentiment': 0.6, 'keyword_mentioned': 'other', 'message_length': 34}
2025-09-27 08:23:49 | INFO | {'message': 'I just shared travel! It was boring.', 'author': 'Eve', 'timestamp': '2025-09-27 08:23:49', 'category': 'travel', 'sentiment': 0.86, 'keyword_mentioned': 'travel', 'message_length': 36}
2025-09-27 08:23:57 | INFO | {'message': 'I just loved game! It was weird.', 'author': 'Bob', 'timestamp': '2025-09-27 08:23:57', 'category': 'gaming', 'sentiment': 0.02, 'keyword_mentioned': 'game', 'message_length': 32}
2025-09-27 08:24:02 | INFO | {'message': 'I just loved game! It was weird.', 'author': 'Bob', 'timestamp': '2025-09-27 08:24:02', 'category': 'gaming', 'sentiment': 0.43, 'keyword_mentioned': 'game', 'message_length': 32}
2025-09-27 08:24:07 | INFO | {'message': 'I just tried a trick! It was funny.', 'author': 'Eve', 'timestamp': '2025-09-27 08:24:07', 'category': 'other', 'sentiment': 0.59, 'keyword_mentioned': 'other', 'message_length': 35}
2025-09-27 08:24:12 | INFO | {'message': 'I just found a meme! It was boring.', 'author': 'Eve', 'timestamp': '2025-09-27 08:24:12', 'category': 'humor', 'sentiment': 0.64, 'keyword_mentioned': 'meme', 'message_length': 35}
2025-09-27 08:24:17 | INFO | {'message': 'I just tried Python! It was exciting.', 'author': 'Charlie', 'timestamp': '2025-09-27 08:24:17', 'category': 'tech', 'sentiment': 0.61, 'keyword_mentioned': 'Python', 'message_length': 37}
2025-09-27 08:24:22 | INFO | {'message': 'I just found travel! It was funny.', 'author': 'Eve', 'timestamp': '2025-09-27 08:24:22', 'category': 'travel', 'sentiment': 0.42, 'keyword_mentioned': 'travel', 'message_length': 34}
2025-09-27 08:24:29 | INFO | {'message': 'I just tried game! It was exciting.', 'author': 'Bob', 'timestamp': '2025-09-27 08:24:29', 'category': 'gaming', 'sentiment': 0.02, 'keyword_mentioned': 'game', 'message_length': 35}
2025-09-27 08:24:34 | INFO | {'message': 'I just tried Python! It was exciting.', 'author': 'Alice', 'timestamp': '2025-09-27 08:24:34', 'category': 'tech', 'sentiment': 0.24, 'keyword_mentioned': 'Python', 'message_length': 37}
2025-09-27 08:24:39 | INFO | {'message': 'I just tried a story! It was weird.', 'author': 'Alice', 'timestamp': '2025-09-27 08:24:39', 'category': 'other', 'sentiment': 0.22, 'keyword_mentioned': 'other', 'message_length': 35}
2025-09-27 08:24:44 | INFO | {'message': 'I just loved an app! It was amazing.', 'author': 'Eve', 'timestamp': '2025-09-27 08:24:44', 'category': 'other', 'sentiment': 0.3, 'keyword_mentioned': 'other', 'message_length': 36}
2025-09-27 08:24:49 | INFO | {'message': 'I just saw travel! It was funny.', 'author': 'Eve', 'timestamp': '2025-09-27 08:24:49', 'category': 'travel', 'sentiment': 0.49, 'keyword_mentioned': 'travel', 'message_length': 32}
2025-09-27 08:24:54 | INFO | {'message': 'I just saw a meme! It was exciting.', 'author': 'Charlie', 'timestamp': '2025-09-27 08:24:54', 'category': 'humor', 'sentiment': 0.52, 'keyword_mentioned': 'meme', 'message_length': 35}
2025-09-27 08:24:59 | INFO | {'message': 'I just tried JavaScript! It was exciting.', 'author': 'Alice', 'timestamp': '2025-09-27 08:24:59', 'category': 'tech', 'sentiment': 0.2, 'keyword_mentioned': 'JavaScript', 'message_length': 41}
2025-09-27 08:25:07 | INFO | {'message': 'I just found a trick! It was funny.', 'author': 'Charlie', 'timestamp': '2025-09-27 08:25:07', 'category': 'other', 'sentiment': 0.6, 'keyword_mentioned': 'other', 'message_length': 35}
2025-09-27 08:25:12 | INFO | {'message': 'I just shared game! It was funny.', 'author': 'Alice', 'timestamp': '2025-09-27 08:25:12', 'category': 'gaming', 'sentiment': 0.83, 'keyword_mentioned': 'game', 'message_length': 33}
2025-09-27 08:25:17 | INFO | {'message': 'I just saw game! It was funny.', 'author': 'Alice', 'timestamp': '2025-09-27 08:25:17', 'category': 'gaming', 'sentiment': 0.28, 'keyword_mentioned': 'game', 'message_length': 30}
2025-09-27 08:25:22 | INFO | {'message': 'I just tried game! It was boring.', 'author': 'Charlie', 'timestamp': '2025-09-27 08:25:22', 'category': 'gaming', 'sentiment': 0.34, 'keyword_mentioned': 'game', 'message_length': 33}
2025-09-27 08:25:27 | INFO | {'message': 'I just saw JavaScript! It was boring.', 'author': 'Alice', 'timestamp': '2025-09-27 08:25:27', 'category': 'tech', 'sentiment': 0.22, 'keyword_mentioned': 'JavaScript', 'message_length': 37}
2025-09-27 08:25:32 | INFO | {'message': 'I just saw game! It was boring.', 'author': 'Bob', 'timestamp': '2025-09-27 08:25:32', 'category': 'gaming', 'sentiment': 0.34, 'keyword_mentioned': 'game', 'message_length': 31}
2025-09-27 08:25:39 | INFO | {'message': 'I just shared a trick! It was funny.', 'author': 'Alice', 'timestamp': '2025-09-27 08:25:39', 'category': 'other', 'sentiment': 0.67, 'keyword_mentioned': 'other', 'message_length': 36}
2025-09-27 08:25:44 | INFO | {'message': 'I just shared a meme! It was exciting.', 'author': 'Eve', 'timestamp': '2025-09-27 08:25:44', 'category': 'humor', 'sentiment': 0.21, 'keyword_mentioned': 'meme', 'message_length': 38}
2025-09-27 08:25:49 | INFO | {'message': 'I just saw game! It was funny.', 'author': 'Alice', 'timestamp': '2025-09-27 08:25:49', 'category': 'gaming', 'sentiment': 0.16, 'keyword_mentioned': 'game', 'message_length': 30}
2025-09-27 08:25:54 | INFO | {'message': 'I just tried game! It was boring.', 'author': 'Eve', 'timestamp': '2025-09-27 08:25:54', 'category': 'gaming', 'sentiment': 0.85, 'keyword_mentioned': 'game', 'message_length': 33}
2025-09-27 08:25:59 | INFO | {'message': 'I just tried an app! It was weird.', 'author': 'Bob', 'timestamp': '2025-09-27 08:25:59', 'category': 'other', 'sentiment': 0.5, 'keyword_mentioned': 'other', 'message_length': 34}
2025-09-27 08:26:04 | INFO | {'message': 'I just loved a trick! It was weird.', 'author': 'Alice', 'timestamp': '2025-09-27 08:26:04', 'category': 'other', 'sentiment': 0.29, 'keyword_mentioned': 'other', 'message_length': 35}
2025-09-27 08:26:09 | INFO | {'message': 'I just tried a trick! It was amazing.', 'author': 'Alice', 'timestamp': '2025-09-27 08:26:09', 'category': 'other', 'sentiment': 0.7, 'keyword_mentioned': 'other', 'message_length': 37}
2025-09-27 08:26:16 | INFO | {'message': 'I just loved an app! It was boring.', 'author': 'Charlie', 'timestamp': '2025-09-27 08:26:16', 'category': 'other', 'sentiment': 0.82, 'keyword_mentioned': 'other', 'message_length': 35}
2025-09-27 08:26:21 | INFO | {'message': 'I just found game! It was amazing.', 'author': 'Alice', 'timestamp': '2025-09-27 08:26:21', 'category': 'gaming', 'sentiment': 0.67, 'keyword_mentioned': 'game', 'message_length': 34}
2025-09-27 08:26:26 | INFO | {'message': 'I just saw a movie! It was boring.', 'author': 'Bob', 'timestamp': '2025-09-27 08:26:26', 'category': 'entertainment', 'sentiment': 0.75, 'keyword_mentioned': 'movie', 'message_length': 34}
2025-09-27 08:26:31 | INFO | {'message': 'I just saw game! It was exciting.', 'author': 'Charlie', 'timestamp': '2025-09-27 08:26:31', 'category': 'gaming', 'sentiment': 0.68, 'keyword_mentioned': 'game', 'message_length': 33}
2025-09-27 08:26:37 | INFO | {'message': 'I just shared JavaScript! It was boring.', 'author': 'Alice', 'timestamp': '2025-09-27 08:26:37', 'category': 'tech', 'sentiment': 0.59, 'keyword_mentioned': 'JavaScript', 'message_length': 40}
2025-09-27 08:26:42 | INFO | {'message': 'I just loved recipe! It was weird.', 'author': 'Bob', 'timestamp': '2025-09-27 08:26:42', 'category': 'food', 'sentiment': 0.62, 'keyword_mentioned': 'recipe', 'message_length': 34}
2025-09-27 08:26:48 | INFO | {'message': 'I just shared a meme! It was exciting.', 'author': 'Bob', 'timestamp': '2025-09-27 08:26:48', 'category': 'humor', 'sentiment': 0.47, 'keyword_mentioned': 'meme', 'message_length': 38}
2025-09-27 08:26:53 | INFO | {'message': 'I just tried game! It was weird.', 'author': 'Alice', 'timestamp': '2025-09-27 08:26:53', 'category': 'gaming', 'sentiment': 0.64, 'keyword_mentioned': 'game', 'message_length': 32}
2025-09-27 08:26:58 | INFO | {'message': 'I just loved game! It was weird.', 'author': 'Eve', 'timestamp': '2025-09-27 08:26:58', 'category': 'gaming', 'sentiment': 1.0, 'keyword_mentioned': 'game', 'message_length': 32}
2025-09-27 08:27:03 | INFO | {'message': 'I just saw Python! It was funny.', 'author': 'Charlie', 'timestamp': '2025-09-27 08:27:03', 'category': 'tech', 'sentiment': 0.66, 'keyword_mentioned': 'Python', 'message_length': 32}
2025-09-27 08:27:08 | INFO | {'message': 'I just tried a movie! It was boring.', 'author': 'Alice', 'timestamp': '2025-09-27 08:27:08', 'category': 'entertainment', 'sentiment': 0.55, 'keyword_mentioned': 'movie', 'message_length': 36}
2025-09-27 08:27:13 | INFO | {'message': 'I just loved Python! It was boring.', 'author': 'Charlie', 'timestamp': '2025-09-27 08:27:13', 'category': 'tech', 'sentiment': 0.54, 'keyword_mentioned': 'Python', 'message_length': 35}
2025-09-27 08:27:18 | INFO | {'message': 'I just loved travel! It was amazing.', 'author': 'Eve', 'timestamp': '2025-09-27 08:27:18', 'category': 'travel', 'sentiment': 0.2, 'keyword_mentioned': 'travel', 'message_length': 36}
2025-09-27 08:27:25 | INFO | {'message': 'I just saw a movie! It was exciting.', 'author': 'Charlie', 'timestamp': '2025-09-27 08:27:25', 'category': 'entertainment', 'sentiment': 0.85, 'keyword_mentioned': 'movie', 'message_length': 36}
2025-09-27 08:27:30 | INFO | {'message': 'I just shared a movie! It was funny.', 'author': 'Eve', 'timestamp': '2025-09-27 08:27:30', 'category': 'entertainment', 'sentiment': 0.68, 'keyword_mentioned': 'movie', 'message_length': 36}
2025-09-27 08:27:35 | INFO | {'message': 'I just found Python! It was boring.', 'author': 'Charlie', 'timestamp': '2025-09-27 08:27:35', 'category': 'tech', 'sentiment': 0.29, 'keyword_mentioned': 'Python', 'message_length': 35}
2025-09-27 08:27:40 | INFO | {'message': 'I just loved a trick! It was funny.', 'author': 'Alice', 'timestamp': '2025-09-27 08:27:40', 'category': 'other', 'sentiment': 0.85, 'keyword_mentioned': 'other', 'message_length': 35}
2025-09-27 08:27:45 | INFO | {'message': 'I just shared an app! It was funny.', 'author': 'Alice', 'timestamp': '2025-09-27 08:27:45', 'category': 'other', 'sentiment': 0.06, 'keyword_mentioned': 'other', 'message_length': 35}
2025-09-27 08:27:50 | INFO | {'message': 'I just tried game! It was funny.', 'author': 'Bob', 'timestamp': '2025-09-27 08:27:50', 'category': 'gaming', 'sentiment': 0.79, 'keyword_mentioned': 'game', 'message_length': 32}
2025-09-27 08:27:57 | INFO | {'message': 'I just found JavaScript! It was boring.', 'author': 'Eve', 'timestamp': '2025-09-27 08:27:57', 'category': 'tech', 'sentiment': 0.08, 'keyword_mentioned': 'JavaScript', 'message_length': 39}
2025-09-27 08:28:02 | INFO | {'message': 'I just found JavaScript! It was weird.', 'author': 'Eve', 'timestamp': '2025-09-27 08:28:02', 'category': 'tech', 'sentiment': 0.42, 'keyword_mentioned': 'JavaScript', 'message_length': 38}
2025-09-27 08:28:07 | INFO | {'message': 'I just saw a movie! It was funny.', 'author': 'Bob', 'timestamp': '2025-09-27 08:28:07', 'category': 'entertainment', 'sentiment': 0.43, 'keyword_mentioned': 'movie', 'message_length': 33}
2025-09-27 08:28:12 | INFO | {'message': 'I just tried JavaScript! It was funny.', 'author': 'Charlie', 'timestamp': '2025-09-27 08:28:12', 'category': 'tech', 'sentiment': 0.3, 'keyword_mentioned': 'JavaScript', 'message_length': 38}
2025-09-27 08:28:17 | INFO | {'message': 'I just saw a movie! It was funny.', 'author': 'Eve', 'timestamp': '2025-09-27 08:28:17', 'category': 'entertainment', 'sentiment': 0.1, 'keyword_mentioned': 'movie', 'message_length': 33}
2025-09-27 08:28:22 | INFO | {'message': 'I just tried game! It was amazing.', 'author': 'Eve', 'timestamp': '2025-09-27 08:28:22', 'category': 'gaming', 'sentiment': 0.84, 'keyword_mentioned': 'game', 'message_length': 34}
2025-09-27 08:28:27 | INFO | {'message': 'I just shared recipe! It was funny.', 'author': 'Charlie', 'timestamp': '2025-09-27 08:28:27', 'category': 'food', 'sentiment': 0.03, 'keyword_mentioned': 'recipe', 'message_length': 35}
2025-09-27 08:28:35 | INFO | {'message': 'I just found recipe! It was funny.', 'author': 'Eve', 'timestamp': '2025-09-27 08:28:35', 'category': 'food', 'sentiment': 0.57, 'keyword_mentioned': 'recipe', 'message_length': 34}
2025-09-27 08:28:40 | INFO | {'message': 'I just found recipe! It was amazing.', 'author': 'Charlie', 'timestamp': '2025-09-27 08:28:40', 'category': 'food', 'sentiment': 0.85, 'keyword_mentioned': 'recipe', 'message_length': 36}
2025-09-27 08:28:45 | INFO | {'message': 'I just shared recipe! It was amazing.', 'author': 'Alice', 'timestamp': '2025-09-27 08:28:45', 'category': 'food', 'sentiment': 0.45, 'keyword_mentioned': 'recipe', 'message_length': 37}
2025-09-27 08:28:50 | INFO | {'message': 'I just loved travel! It was funny.', 'author': 'Bob', 'timestamp': '2025-09-27 08:28:50', 'category': 'travel', 'sentiment': 0.01, 'keyword_mentioned': 'travel', 'message_length': 34}
2025-09-27 08:28:55 | INFO | {'message': 'I just found travel! It was weird.', 'author': 'Alice', 'timestamp': '2025-09-27 08:28:55', 'category': 'travel', 'sentiment': 0.18, 'keyword_mentioned': 'travel', 'message_length': 34}
2025-09-27 08:29:00 | INFO | {'message': 'I just saw a trick! It was amazing.', 'author': 'Alice', 'timestamp': '2025-09-27 08:29:00', 'category': 'other', 'sentiment': 0.46, 'keyword_mentioned': 'other', 'message_length': 35}
2025-09-27 08:29:07 | INFO | {'message': 'I just shared a movie! It was exciting.', 'author': 'Eve', 'timestamp': '2025-09-27 08:29:07', 'category': 'entertainment', 'sentiment': 0.11, 'keyword_mentioned': 'movie', 'message_length': 39}
2025-09-27 08:29:12 | INFO | {'message': 'I just tried a trick! It was funny.', 'author': 'Charlie', 'timestamp': '2025-09-27 08:29:12', 'category': 'other', 'sentiment': 0.85, 'keyword_mentioned': 'other', 'message_length': 35}
2025-09-27 08:29:17 | INFO | {'message': 'I just shared a story! It was exciting.', 'author': 'Bob', 'timestamp': '2025-09-27 08:29:17', 'category': 'other', 'sentiment': 0.11, 'keyword_mentioned': 'other', 'message_length': 39}
2025-09-27 08:29:22 | INFO | {'message': 'I just tried a trick! It was funny.', 'author': 'Bob', 'timestamp': '2025-09-27 08:29:22', 'category': 'other', 'sentiment': 0.4, 'keyword_mentioned': 'other', 'message_length': 35}
2025-09-27 08:29:27 | INFO | {'message': 'I just saw a trick! It was amazing.', 'author': 'Charlie', 'timestamp': '2025-09-27 08:29:27', 'category': 'other', 'sentiment': 0.24, 'keyword_mentioned': 'other', 'message_length': 35}
2025-09-27 08:29:32 | INFO | {'message': 'I just saw an app! It was boring.', 'author': 'Charlie', 'timestamp': '2025-09-27 08:29:32', 'category': 'other', 'sentiment': 0.73, 'keyword_mentioned': 'other', 'message_length': 33}
2025-09-27 08:29:39 | INFO | {'message': 'I just tried Python! It was exciting.', 'author': 'Eve', 'timestamp': '2025-09-27 08:29:39', 'category': 'tech', 'sentiment': 0.86, 'keyword_mentioned': 'Python', 'message_length': 37}
2025-09-27 08:29:44 | INFO | {'message': 'I just loved game! It was weird.', 'author': 'Charlie', 'timestamp': '2025-09-27 08:29:44', 'category': 'gaming', 'sentiment': 0.57, 'keyword_mentioned': 'game', 'message_length': 32}
2025-09-27 08:29:49 | INFO | {'message': 'I just saw a meme! It was exciting.', 'author': 'Eve', 'timestamp': '2025-09-27 08:29:49', 'category': 'humor', 'sentiment': 0.06, 'keyword_mentioned': 'meme', 'message_length': 35}
2025-09-27 08:29:54 | INFO | {'message': 'I just loved a story! It was boring.', 'author': 'Charlie', 'timestamp': '2025-09-27 08:29:54', 'category': 'other', 'sentiment': 1.0, 'keyword_mentioned': 'other', 'message_length': 36}
2025-09-27 08:29:59 | INFO | {'message': 'I just saw game! It was amazing.', 'author': 'Charlie', 'timestamp': '2025-09-27 08:29:59', 'category': 'gaming', 'sentiment': 0.51, 'keyword_mentioned': 'game', 'message_length': 32}
2025-09-27 08:30:04 | INFO | {'message': 'I just tried an app! It was funny.', 'author': 'Bob', 'timestamp': '2025-09-27 08:30:04', 'category': 'other', 'sentiment': 0.71, 'keyword_mentioned': 'other', 'message_length': 34}
2025-09-27 08:30:09 | INFO | {'message': 'I just found Python! It was exciting.', 'author': 'Eve', 'timestamp': '2025-09-27 08:30:09', 'category': 'tech', 'sentiment': 0.15, 'keyword_mentioned': 'Python', 'message_length': 37}
2025-09-27 08:30:16 | INFO | {'message': 'I just found Python! It was amazing.', 'author': 'Charlie', 'timestamp': '2025-09-27 08:30:16', 'category': 'tech', 'sentiment': 0.12, 'keyword_mentioned': 'Python', 'message_length': 36}
2025-09-27 08:30:21 | INFO | {'message': 'I just tried a meme! It was exciting.', 'author': 'Eve', 'timestamp': '2025-09-27 08:30:21', 'category': 'humor', 'sentiment': 0.8, 'keyword_mentioned': 'meme', 'message_length': 37}
2025-09-27 08:30:26 | INFO | {'message': 'I just loved a story! It was weird.', 'author': 'Eve', 'timestamp': '2025-09-27 08:30:26', 'category': 'other', 'sentiment': 0.04, 'keyword_mentioned': 'other', 'message_length': 35}
2025-09-27 08:30:31 | INFO | {'message': 'I just saw a meme! It was funny.', 'author': 'Alice', 'timestamp': '2025-09-27 08:30:31', 'category': 'humor', 'sentiment': 0.01, 'keyword_mentioned': 'meme', 'message_length': 32}
2025-09-27 08:30:36 | INFO | {'message': 'I just loved a story! It was boring.', 'author': 'Alice', 'timestamp': '2025-09-27 08:30:36', 'category': 'other', 'sentiment': 0.32, 'keyword_mentioned': 'other', 'message_length': 36}
2025-09-27 08:30:41 | INFO | {'message': 'I just found a meme! It was amazing.', 'author': 'Charlie', 'timestamp': '2025-09-27 08:30:41', 'category': 'humor', 'sentiment': 0.87, 'keyword_mentioned': 'meme', 'message_length': 36}
2025-09-27 08:30:48 | INFO | {'message': 'I just found Python! It was weird.', 'author': 'Alice', 'timestamp': '2025-09-27 08:30:48', 'category': 'tech', 'sentiment': 0.25, 'keyword_mentioned': 'Python', 'message_length': 34}
2025-09-27 08:30:53 | INFO | {'message': 'I just found a story! It was funny.', 'author': 'Alice', 'timestamp': '2025-09-27 08:30:53', 'category': 'other', 'sentiment': 0.37, 'keyword_mentioned': 'other', 'message_length': 35}
2025-09-27 08:30:58 | INFO | {'message': 'I just loved a trick! It was boring.', 'author': 'Charlie', 'timestamp': '2025-09-27 08:30:58', 'category': 'other', 'sentiment': 0.65, 'keyword_mentioned': 'other', 'message_length': 36}
2025-09-27 08:31:03 | INFO | {'message': 'I just tried an app! It was funny.', 'author': 'Eve', 'timestamp': '2025-09-27 08:31:03', 'category': 'other', 'sentiment': 0.79, 'keyword_mentioned': 'other', 'message_length': 34}
2025-09-27 08:31:08 | INFO | {'message': 'I just saw a meme! It was amazing.', 'author': 'Alice', 'timestamp': '2025-09-27 08:31:08', 'category': 'humor', 'sentiment': 0.35, 'keyword_mentioned': 'meme', 'message_length': 34}
2025-09-27 08:31:13 | INFO | {'message': 'I just shared a trick! It was funny.', 'author': 'Alice', 'timestamp': '2025-09-27 08:31:13', 'category': 'other', 'sentiment': 0.6, 'keyword_mentioned': 'other', 'message_length': 36}
2025-09-27 08:31:18 | INFO | {'message': 'I just shared a movie! It was amazing.', 'author': 'Eve', 'timestamp': '2025-09-27 08:31:18', 'category': 'entertainment', 'sentiment': 0.4, 'keyword_mentioned': 'movie', 'message_length': 38}
2025-09-27 08:31:25 | INFO | {'message': 'I just tried recipe! It was boring.', 'author': 'Alice', 'timestamp': '2025-09-27 08:31:25', 'category': 'food', 'sentiment': 0.27, 'keyword_mentioned': 'recipe', 'message_length': 35}
2025-09-27 08:31:30 | INFO | {'message': 'I just shared JavaScript! It was weird.', 'author': 'Eve', 'timestamp': '2025-09-27 08:31:30', 'category': 'tech', 'sentiment': 0.03, 'keyword_mentioned': 'JavaScript', 'message_length': 39}
2025-09-27 08:31:35 | INFO | {'message': 'I just saw recipe! It was funny.', 'author': 'Alice', 'timestamp': '2025-09-27 08:31:35', 'category': 'food', 'sentiment': 0.17, 'keyword_mentioned': 'recipe', 'message_length': 32}
2025-09-27 08:31:40 | INFO | {'message': 'I just shared a trick! It was boring.', 'author': 'Alice', 'timestamp': '2025-09-27 08:31:40', 'category': 'other', 'sentiment': 0.36, 'keyword_mentioned': 'other', 'message_length': 37}
2025-09-27 08:31:45 | INFO | {'message': 'I just saw a trick! It was exciting.', 'author': 'Alice', 'timestamp': '2025-09-27 08:31:45', 'category': 'other', 'sentiment': 0.61, 'keyword_mentioned': 'other', 'message_length': 36}
2025-09-27 08:31:50 | INFO | {'message': 'I just loved a trick! It was boring.', 'author': 'Charlie', 'timestamp': '2025-09-27 08:31:50', 'category': 'other', 'sentiment': 0.45, 'keyword_mentioned': 'other', 'message_length': 36}
